2021-10-04 22:03:41,088 INFO  - Init DETECTOR ... blink_detector (detectBlinkWithOpenFace)
2021-10-04 22:03:41,089 INFO  - Init DETECTOR ... nose_tip_detector (detectNoseTipWithOpenFace)
2021-10-04 22:03:41,090 INFO  - Init DETECTOR ... eye_region_detector_os (detectEyeRegionWithOpenFace)
2021-10-04 22:03:41,091 INFO  - Init DETECTOR ... eye_region_detector_od (detectEyeRegionWithOpenFace)
2021-10-04 22:03:41,092 INFO  - Init DETECTOR ... eye_pupil_detector_os (detectDarkPupilWithOpenFace)
2021-10-04 22:03:41,093 INFO  - Init DETECTOR ... eye_pupil_detector_od (detectDarkPupilWithOpenFace)
2021-10-04 22:03:41,093 INFO  - Init DETECTOR ... eye_corner_os_inner (detectEyeCornerWithOpenFace)
2021-10-04 22:03:41,094 INFO  - Init DETECTOR ... eye_corner_od_outer (detectEyeCornerWithOpenFace)
2021-10-04 22:03:41,095 INFO  - Init DETECTOR ... nose_point_1 (detectLandmarkWithOpenFace)
2021-10-04 22:03:41,096 INFO  - Init DETECTOR ... nose_point_2 (detectLandmarkWithOpenFace)
2021-10-04 22:03:41,097 INFO  - Init DETECTOR ... nose_point_3 (detectLandmarkWithOpenFace)
2021-10-04 22:03:41,098 INFO  - Init TRACKER ... NoseTipTracker (3) with detector "nose_tip_detector".
2021-10-04 22:03:41,099 INFO  - Init TRACKER ... EyeCornerTracker (6) with detector "eye_corner_os_inner".
2021-10-04 22:03:41,100 INFO  - Init TRACKER ... EyeCornerTracker (7) with detector "eye_corner_od_outer".
2021-10-04 22:03:41,101 INFO  - Init TRACKER ... EyePupilTracker (4) with detector "eye_pupil_detector_os".
2021-10-04 22:03:41,102 INFO  - Init TRACKER ... EyePupilTracker (5) with detector "eye_pupil_detector_od".
2021-10-04 22:03:41,103 INFO  - Init TRACKER ... SinglePointTracker (8) with detector "nose_point_1".
2021-10-04 22:03:41,104 INFO  - Init TRACKER ... SinglePointTracker (9) with detector "nose_point_2".
2021-10-04 22:03:41,105 INFO  - Init TRACKER ... SinglePointTracker (10) with detector "nose_point_3".
2021-10-04 22:03:41,106 INFO  - Init CALCULATOR ... nose_baseline "NoseBaseLineEstimator".
2021-10-04 22:03:41,107 INFO  - Init CALCULATOR ... nose_tipXY "TrackerConnector".
2021-10-04 22:03:41,108 INFO  - Init CALCULATOR ... rawPupilXY_OS "DetectorConnector".
2021-10-04 22:03:41,109 INFO  - Init CALCULATOR ... rawPupilXY_OD "DetectorConnector".
2021-10-04 22:03:41,110 INFO  - Init CALCULATOR ... SubNose_OS "TrackerSubtractor".
2021-10-04 22:03:41,111 INFO  - Init CALCULATOR ... SubNose_OD "TrackerSubtractor".
2021-10-04 22:03:41,112 INFO  - Init CALCULATOR ... EyeCornerODLeft "TrackerConnector".
2021-10-04 22:03:41,113 INFO  - Init CALCULATOR ... EyeCornerOSLeft "TrackerConnector".
2021-10-04 22:03:41,114 INFO  - Init CALCULATOR ... SubEyeCorner_OS "TrackerSubtractor".
2021-10-04 22:03:41,115 INFO  - Init CALCULATOR ... SubEyeCorner_OD "TrackerSubtractor".
2021-10-04 22:03:41,116 INFO  - Init CALCULATOR ... ProjectorOS "ProjectorToBaseLine".
2021-10-04 22:03:41,117 INFO  - Init CALCULATOR ... ProjectorOD "ProjectorToBaseLine".
2021-10-04 22:03:41,118 INFO  - Init CALCULATOR ... Limbus_OS "EdgeDetector".
2021-10-04 22:03:41,119 INFO  - Init CALCULATOR ... Limbus_OD "EdgeDetector".
2021-10-04 22:03:41,121 INFO  - Init CALCULATOR ... LimbusOSfromNose "CalculatorSubtractor".
2021-10-04 22:03:41,122 INFO  - Init CALCULATOR ... LimbusODfromNose "CalculatorSubtractor".
2021-10-04 22:03:41,123 INFO  - Init CALCULATOR ... LimbusOSfromEyeCnr "CalculatorSubtractor".
2021-10-04 22:03:41,124 INFO  - Init CALCULATOR ... LimbusODfromEyeCnr "CalculatorSubtractor".
2021-10-04 22:03:41,307 INFO  - opening video  ... /Volumes/BLUR/DATA/INTERNAL/FRONT_CAMERA/Saeed/Log1/Saeed_LogMAR1_No3/video.converted/result/clip-9-trial-1-9-animation/video.mp4
2021-10-04 22:03:41,308 INFO  - opening file   ... /Volumes/BLUR/DATA/INTERNAL/FRONT_CAMERA/Saeed/Log1/Saeed_LogMAR1_No3/video.converted/result/clip-9-trial-1-9-animation/results.csv
2021-10-04 22:03:41,320 DEBUG [eye_corner_tracker_od][1][IDLE] - Intializing
2021-10-04 22:03:41,332 DEBUG [eye_corner_tracker_od][1][IDLE] - Setting to DETECT
2021-10-04 22:03:41,334 DEBUG [eye_corner_tracker_os][1][IDLE] - Intializing
2021-10-04 22:03:41,334 DEBUG [eye_corner_tracker_os][1][IDLE] - Setting to DETECT
2021-10-04 22:03:41,336 DEBUG [eye_pupil_tracker_od][1][IDLE] - Intializing
2021-10-04 22:03:41,336 DEBUG [eye_pupil_tracker_od][1][IDLE] - Setting to DETECT
2021-10-04 22:03:41,338 DEBUG [eye_pupil_tracker_os][1][IDLE] - Intializing
2021-10-04 22:03:41,338 DEBUG [eye_pupil_tracker_os][1][IDLE] - Setting to DETECT
2021-10-04 22:03:41,340 DEBUG [nose_tracker][1][IDLE] - Intializing
2021-10-04 22:03:41,340 DEBUG [nose_tracker][1][IDLE] - Setting to DETECT
2021-10-04 22:03:41,342 DEBUG [nose_tracker_1][1][IDLE] - Intializing
2021-10-04 22:03:41,342 DEBUG [nose_tracker_1][1][IDLE] - Setting to DETECT
2021-10-04 22:03:41,344 DEBUG [nose_tracker_2][1][IDLE] - Intializing
2021-10-04 22:03:41,344 DEBUG [nose_tracker_2][1][IDLE] - Setting to DETECT
2021-10-04 22:03:41,346 DEBUG [nose_tracker_3][1][IDLE] - Intializing
2021-10-04 22:03:41,346 DEBUG [nose_tracker_3][1][IDLE] - Setting to DETECT
2021-10-04 22:03:41,396 DEBUG  - No CANDIDATE detections were FOUND.
2021-10-04 22:03:41,397 DEBUG  - No CANDIDATE detections were FOUND.
2021-10-04 22:03:41,399 DEBUG  - No CANDIDATE detections were FOUND.
2021-10-04 22:03:41,400 DEBUG  - No CANDIDATE detections were FOUND.
2021-10-04 22:03:41,402 DEBUG  - No CANDIDATE detections were FOUND.
2021-10-04 22:03:41,403 DEBUG  - No CANDIDATE detections were FOUND.
2021-10-04 22:03:41,404 DEBUG  - No CANDIDATE detections were FOUND.
2021-10-04 22:03:41,406 DEBUG  - No CANDIDATE detections were FOUND.
2021-10-04 22:03:41,429 DEBUG  - No CANDIDATE detections were FOUND.
2021-10-04 22:03:41,433 DEBUG  - No CANDIDATE detections were FOUND.
2021-10-04 22:03:41,434 DEBUG  - No CANDIDATE detections were FOUND.
2021-10-04 22:03:41,436 DEBUG  - No CANDIDATE detections were FOUND.
2021-10-04 22:03:41,437 DEBUG  - No CANDIDATE detections were FOUND.
2021-10-04 22:03:41,438 DEBUG  - No CANDIDATE detections were FOUND.
2021-10-04 22:03:41,440 DEBUG  - No CANDIDATE detections were FOUND.
2021-10-04 22:03:41,441 DEBUG  - No CANDIDATE detections were FOUND.
2021-10-04 22:03:41,463 DEBUG  - No CANDIDATE detections were FOUND.
2021-10-04 22:03:41,466 DEBUG  - No CANDIDATE detections were FOUND.
2021-10-04 22:03:41,467 DEBUG  - No CANDIDATE detections were FOUND.
2021-10-04 22:03:41,469 DEBUG  - No CANDIDATE detections were FOUND.
2021-10-04 22:03:41,470 DEBUG  - No CANDIDATE detections were FOUND.
2021-10-04 22:03:41,471 DEBUG  - No CANDIDATE detections were FOUND.
2021-10-04 22:03:41,473 DEBUG  - No CANDIDATE detections were FOUND.
2021-10-04 22:03:41,474 DEBUG  - No CANDIDATE detections were FOUND.
2021-10-04 22:03:41,496 DEBUG  - No CANDIDATE detections were FOUND.
2021-10-04 22:03:41,509 DEBUG  - No CANDIDATE detections were FOUND.
2021-10-04 22:03:41,512 DEBUG  - No CANDIDATE detections were FOUND.
2021-10-04 22:03:41,513 DEBUG  - No CANDIDATE detections were FOUND.
2021-10-04 22:03:41,515 DEBUG  - No CANDIDATE detections were FOUND.
2021-10-04 22:03:41,516 DEBUG  - No CANDIDATE detections were FOUND.
2021-10-04 22:03:41,518 DEBUG  - No CANDIDATE detections were FOUND.
2021-10-04 22:03:41,519 DEBUG  - No CANDIDATE detections were FOUND.
2021-10-04 22:03:41,541 DEBUG  - No CANDIDATE detections were FOUND.
2021-10-04 22:03:41,553 DEBUG  - No CANDIDATE detections were FOUND.
2021-10-04 22:03:41,556 DEBUG  - No CANDIDATE detections were FOUND.
2021-10-04 22:03:41,558 DEBUG  - No CANDIDATE detections were FOUND.
2021-10-04 22:03:41,560 DEBUG  - No CANDIDATE detections were FOUND.
2021-10-04 22:03:41,561 DEBUG  - No CANDIDATE detections were FOUND.
2021-10-04 22:03:41,563 DEBUG  - No CANDIDATE detections were FOUND.
2021-10-04 22:03:41,564 DEBUG  - No CANDIDATE detections were FOUND.
2021-10-04 22:03:41,586 DEBUG  - No CANDIDATE detections were FOUND.
2021-10-04 22:03:41,587 DEBUG  - No CANDIDATE detections were FOUND.
2021-10-04 22:03:41,589 DEBUG  - No CANDIDATE detections were FOUND.
2021-10-04 22:03:41,590 DEBUG  - No CANDIDATE detections were FOUND.
2021-10-04 22:03:41,591 DEBUG  - No CANDIDATE detections were FOUND.
2021-10-04 22:03:41,593 DEBUG  - No CANDIDATE detections were FOUND.
2021-10-04 22:03:41,595 DEBUG  - No CANDIDATE detections were FOUND.
2021-10-04 22:03:41,596 DEBUG  - No CANDIDATE detections were FOUND.
2021-10-04 22:03:41,616 DEBUG  - No CANDIDATE detections were FOUND.
2021-10-04 22:03:41,620 DEBUG  - No CANDIDATE detections were FOUND.
2021-10-04 22:03:41,621 DEBUG  - No CANDIDATE detections were FOUND.
2021-10-04 22:03:41,623 DEBUG  - No CANDIDATE detections were FOUND.
2021-10-04 22:03:41,624 DEBUG  - No CANDIDATE detections were FOUND.
2021-10-04 22:03:41,625 DEBUG  - No CANDIDATE detections were FOUND.
2021-10-04 22:03:41,627 DEBUG  - No CANDIDATE detections were FOUND.
2021-10-04 22:03:41,628 DEBUG  - No CANDIDATE detections were FOUND.
2021-10-04 22:03:41,648 DEBUG  - No CANDIDATE detections were FOUND.
2021-10-04 22:03:41,649 DEBUG  - No CANDIDATE detections were FOUND.
2021-10-04 22:03:41,651 DEBUG  - No CANDIDATE detections were FOUND.
2021-10-04 22:03:41,652 DEBUG  - No CANDIDATE detections were FOUND.
2021-10-04 22:03:41,654 DEBUG  - No CANDIDATE detections were FOUND.
2021-10-04 22:03:41,655 DEBUG  - No CANDIDATE detections were FOUND.
2021-10-04 22:03:41,656 DEBUG  - No CANDIDATE detections were FOUND.
2021-10-04 22:03:41,658 DEBUG  - No CANDIDATE detections were FOUND.
2021-10-04 22:03:41,677 DEBUG  - No CANDIDATE detections were FOUND.
2021-10-04 22:03:41,679 DEBUG  - No CANDIDATE detections were FOUND.
2021-10-04 22:03:41,680 DEBUG  - No CANDIDATE detections were FOUND.
2021-10-04 22:03:41,682 DEBUG  - No CANDIDATE detections were FOUND.
2021-10-04 22:03:41,683 DEBUG  - No CANDIDATE detections were FOUND.
2021-10-04 22:03:41,684 DEBUG  - No CANDIDATE detections were FOUND.
2021-10-04 22:03:41,686 DEBUG  - No CANDIDATE detections were FOUND.
2021-10-04 22:03:41,687 DEBUG  - No CANDIDATE detections were FOUND.
2021-10-04 22:03:41,707 DEBUG  - No CANDIDATE detections were FOUND.
2021-10-04 22:03:41,708 DEBUG  - No CANDIDATE detections were FOUND.
2021-10-04 22:03:41,709 DEBUG  - No CANDIDATE detections were FOUND.
2021-10-04 22:03:41,711 DEBUG  - No CANDIDATE detections were FOUND.
2021-10-04 22:03:41,712 DEBUG  - No CANDIDATE detections were FOUND.
2021-10-04 22:03:41,714 DEBUG  - No CANDIDATE detections were FOUND.
2021-10-04 22:03:41,715 DEBUG  - No CANDIDATE detections were FOUND.
2021-10-04 22:03:41,716 DEBUG  - No CANDIDATE detections were FOUND.
2021-10-04 22:03:41,736 DEBUG  - No CANDIDATE detections were FOUND.
2021-10-04 22:03:41,738 DEBUG  - No CANDIDATE detections were FOUND.
2021-10-04 22:03:41,739 DEBUG  - No CANDIDATE detections were FOUND.
2021-10-04 22:03:41,740 DEBUG  - No CANDIDATE detections were FOUND.
2021-10-04 22:03:41,742 DEBUG  - No CANDIDATE detections were FOUND.
2021-10-04 22:03:41,743 DEBUG  - No CANDIDATE detections were FOUND.
2021-10-04 22:03:41,745 DEBUG  - No CANDIDATE detections were FOUND.
2021-10-04 22:03:41,746 DEBUG  - No CANDIDATE detections were FOUND.
2021-10-04 22:03:41,766 DEBUG  - No CANDIDATE detections were FOUND.
2021-10-04 22:03:41,768 DEBUG  - No CANDIDATE detections were FOUND.
2021-10-04 22:03:41,769 DEBUG  - No CANDIDATE detections were FOUND.
2021-10-04 22:03:41,771 DEBUG  - No CANDIDATE detections were FOUND.
2021-10-04 22:03:41,772 DEBUG  - No CANDIDATE detections were FOUND.
2021-10-04 22:03:41,773 DEBUG  - No CANDIDATE detections were FOUND.
2021-10-04 22:03:41,775 DEBUG  - No CANDIDATE detections were FOUND.
2021-10-04 22:03:41,776 DEBUG  - No CANDIDATE detections were FOUND.
2021-10-04 22:03:41,795 DEBUG  - No CANDIDATE detections were FOUND.
2021-10-04 22:03:41,796 DEBUG  - No CANDIDATE detections were FOUND.
2021-10-04 22:03:41,798 DEBUG  - No CANDIDATE detections were FOUND.
2021-10-04 22:03:41,799 DEBUG  - No CANDIDATE detections were FOUND.
2021-10-04 22:03:41,800 DEBUG  - No CANDIDATE detections were FOUND.
2021-10-04 22:03:41,802 DEBUG  - No CANDIDATE detections were FOUND.
2021-10-04 22:03:41,803 DEBUG  - No CANDIDATE detections were FOUND.
2021-10-04 22:03:41,804 DEBUG  - No CANDIDATE detections were FOUND.
2021-10-04 22:03:41,825 DEBUG  - No CANDIDATE detections were FOUND.
2021-10-04 22:03:41,826 DEBUG  - No CANDIDATE detections were FOUND.
2021-10-04 22:03:41,828 DEBUG  - No CANDIDATE detections were FOUND.
2021-10-04 22:03:41,829 DEBUG  - No CANDIDATE detections were FOUND.
2021-10-04 22:03:41,831 DEBUG  - No CANDIDATE detections were FOUND.
2021-10-04 22:03:41,832 DEBUG  - No CANDIDATE detections were FOUND.
2021-10-04 22:03:41,834 DEBUG  - No CANDIDATE detections were FOUND.
2021-10-04 22:03:41,835 DEBUG  - No CANDIDATE detections were FOUND.
2021-10-04 22:03:41,855 DEBUG  - No CANDIDATE detections were FOUND.
2021-10-04 22:03:41,857 DEBUG  - No CANDIDATE detections were FOUND.
2021-10-04 22:03:41,858 DEBUG  - No CANDIDATE detections were FOUND.
2021-10-04 22:03:41,860 DEBUG  - No CANDIDATE detections were FOUND.
2021-10-04 22:03:41,861 DEBUG  - No CANDIDATE detections were FOUND.
2021-10-04 22:03:41,863 DEBUG  - No CANDIDATE detections were FOUND.
2021-10-04 22:03:41,864 DEBUG  - No CANDIDATE detections were FOUND.
2021-10-04 22:03:41,866 DEBUG  - No CANDIDATE detections were FOUND.
2021-10-04 22:03:41,885 DEBUG  - No CANDIDATE detections were FOUND.
2021-10-04 22:03:41,887 DEBUG  - No CANDIDATE detections were FOUND.
2021-10-04 22:03:41,888 DEBUG  - No CANDIDATE detections were FOUND.
2021-10-04 22:03:41,890 DEBUG  - No CANDIDATE detections were FOUND.
2021-10-04 22:03:41,891 DEBUG  - No CANDIDATE detections were FOUND.
2021-10-04 22:03:41,892 DEBUG  - No CANDIDATE detections were FOUND.
2021-10-04 22:03:41,894 DEBUG  - No CANDIDATE detections were FOUND.
2021-10-04 22:03:41,895 DEBUG  - No CANDIDATE detections were FOUND.
2021-10-04 22:03:41,915 DEBUG  - No CANDIDATE detections were FOUND.
2021-10-04 22:03:41,917 DEBUG  - No CANDIDATE detections were FOUND.
2021-10-04 22:03:41,920 DEBUG  - No CANDIDATE detections were FOUND.
2021-10-04 22:03:41,921 DEBUG  - No CANDIDATE detections were FOUND.
2021-10-04 22:03:41,923 DEBUG  - No CANDIDATE detections were FOUND.
2021-10-04 22:03:41,924 DEBUG  - No CANDIDATE detections were FOUND.
2021-10-04 22:03:41,926 DEBUG  - No CANDIDATE detections were FOUND.
2021-10-04 22:03:41,927 DEBUG  - No CANDIDATE detections were FOUND.
2021-10-04 22:03:41,948 DEBUG  - No CANDIDATE detections were FOUND.
2021-10-04 22:03:41,950 DEBUG  - No CANDIDATE detections were FOUND.
2021-10-04 22:03:41,951 DEBUG  - No CANDIDATE detections were FOUND.
2021-10-04 22:03:41,952 DEBUG  - No CANDIDATE detections were FOUND.
2021-10-04 22:03:41,954 DEBUG  - No CANDIDATE detections were FOUND.
2021-10-04 22:03:41,955 DEBUG  - No CANDIDATE detections were FOUND.
2021-10-04 22:03:41,957 DEBUG  - No CANDIDATE detections were FOUND.
2021-10-04 22:03:41,958 DEBUG  - No CANDIDATE detections were FOUND.
2021-10-04 22:03:41,978 DEBUG  - No CANDIDATE detections were FOUND.
2021-10-04 22:03:41,980 DEBUG  - No CANDIDATE detections were FOUND.
2021-10-04 22:03:41,981 DEBUG  - No CANDIDATE detections were FOUND.
2021-10-04 22:03:41,983 DEBUG  - No CANDIDATE detections were FOUND.
2021-10-04 22:03:41,984 DEBUG  - No CANDIDATE detections were FOUND.
2021-10-04 22:03:41,986 DEBUG  - No CANDIDATE detections were FOUND.
2021-10-04 22:03:41,987 DEBUG  - No CANDIDATE detections were FOUND.
2021-10-04 22:03:41,988 DEBUG  - No CANDIDATE detections were FOUND.
2021-10-04 22:03:42,008 DEBUG  - No CANDIDATE detections were FOUND.
2021-10-04 22:03:42,008 DEBUG [eye_corner_tracker_od][1][DETECT] - Maximum FAILURE limit reached 20
2021-10-04 22:03:42,010 DEBUG  - No CANDIDATE detections were FOUND.
2021-10-04 22:03:42,011 DEBUG [eye_corner_tracker_os][1][DETECT] - Maximum FAILURE limit reached 20
2021-10-04 22:03:42,012 DEBUG  - No CANDIDATE detections were FOUND.
2021-10-04 22:03:42,013 DEBUG [eye_pupil_tracker_od][1][DETECT] - Maximum FAILURE limit reached 20
2021-10-04 22:03:42,014 DEBUG  - No CANDIDATE detections were FOUND.
2021-10-04 22:03:42,015 DEBUG [eye_pupil_tracker_os][1][DETECT] - Maximum FAILURE limit reached 20
2021-10-04 22:03:42,016 DEBUG  - No CANDIDATE detections were FOUND.
2021-10-04 22:03:42,017 DEBUG [nose_tracker][1][DETECT] - Maximum FAILURE limit reached 20
2021-10-04 22:03:42,018 DEBUG  - No CANDIDATE detections were FOUND.
2021-10-04 22:03:42,019 DEBUG [nose_tracker_1][1][DETECT] - Maximum FAILURE limit reached 20
2021-10-04 22:03:42,020 DEBUG  - No CANDIDATE detections were FOUND.
2021-10-04 22:03:42,021 DEBUG [nose_tracker_2][1][DETECT] - Maximum FAILURE limit reached 20
2021-10-04 22:03:42,022 DEBUG  - No CANDIDATE detections were FOUND.
2021-10-04 22:03:42,023 DEBUG [nose_tracker_3][1][DETECT] - Maximum FAILURE limit reached 20
2021-10-04 22:03:42,041 DEBUG [eye_corner_tracker_od][1][HOLD] - Holding cycles 0
2021-10-04 22:03:42,043 DEBUG [eye_corner_tracker_os][1][HOLD] - Holding cycles 0
2021-10-04 22:03:42,044 DEBUG [eye_pupil_tracker_od][1][HOLD] - Holding cycles 0
2021-10-04 22:03:42,045 DEBUG [eye_pupil_tracker_os][1][HOLD] - Holding cycles 0
2021-10-04 22:03:42,047 DEBUG [nose_tracker][1][HOLD] - Holding cycles 0
2021-10-04 22:03:42,048 DEBUG [nose_tracker_1][1][HOLD] - Holding cycles 0
2021-10-04 22:03:42,049 DEBUG [nose_tracker_2][1][HOLD] - Holding cycles 0
2021-10-04 22:03:42,050 DEBUG [nose_tracker_3][1][HOLD] - Holding cycles 0
2021-10-04 22:03:42,068 DEBUG [eye_corner_tracker_od][1][HOLD] - Holding cycles 1
2021-10-04 22:03:42,069 DEBUG [eye_corner_tracker_os][1][HOLD] - Holding cycles 1
2021-10-04 22:03:42,071 DEBUG [eye_pupil_tracker_od][1][HOLD] - Holding cycles 1
2021-10-04 22:03:42,072 DEBUG [eye_pupil_tracker_os][1][HOLD] - Holding cycles 1
2021-10-04 22:03:42,073 DEBUG [nose_tracker][1][HOLD] - Holding cycles 1
2021-10-04 22:03:42,075 DEBUG [nose_tracker_1][1][HOLD] - Holding cycles 1
2021-10-04 22:03:42,076 DEBUG [nose_tracker_2][1][HOLD] - Holding cycles 1
2021-10-04 22:03:42,077 DEBUG [nose_tracker_3][1][HOLD] - Holding cycles 1
2021-10-04 22:03:42,097 DEBUG [eye_corner_tracker_od][1][HOLD] - Holding cycles 2
2021-10-04 22:03:42,098 DEBUG [eye_corner_tracker_os][1][HOLD] - Holding cycles 2
2021-10-04 22:03:42,100 DEBUG [eye_pupil_tracker_od][1][HOLD] - Holding cycles 2
2021-10-04 22:03:42,101 DEBUG [eye_pupil_tracker_os][1][HOLD] - Holding cycles 2
2021-10-04 22:03:42,102 DEBUG [nose_tracker][1][HOLD] - Holding cycles 2
2021-10-04 22:03:42,104 DEBUG [nose_tracker_1][1][HOLD] - Holding cycles 2
2021-10-04 22:03:42,105 DEBUG [nose_tracker_2][1][HOLD] - Holding cycles 2
2021-10-04 22:03:42,106 DEBUG [nose_tracker_3][1][HOLD] - Holding cycles 2
2021-10-04 22:03:42,125 DEBUG [eye_corner_tracker_od][1][HOLD] - Holding cycles 3
2021-10-04 22:03:42,127 DEBUG [eye_corner_tracker_os][1][HOLD] - Holding cycles 3
2021-10-04 22:03:42,131 DEBUG [eye_pupil_tracker_od][1][HOLD] - Holding cycles 3
2021-10-04 22:03:42,132 DEBUG [eye_pupil_tracker_os][1][HOLD] - Holding cycles 3
2021-10-04 22:03:42,133 DEBUG [nose_tracker][1][HOLD] - Holding cycles 3
2021-10-04 22:03:42,135 DEBUG [nose_tracker_1][1][HOLD] - Holding cycles 3
2021-10-04 22:03:42,136 DEBUG [nose_tracker_2][1][HOLD] - Holding cycles 3
2021-10-04 22:03:42,138 DEBUG [nose_tracker_3][1][HOLD] - Holding cycles 3
2021-10-04 22:03:42,158 DEBUG [eye_corner_tracker_od][1][HOLD] - Holding cycles 4
2021-10-04 22:03:42,159 DEBUG [eye_corner_tracker_os][1][HOLD] - Holding cycles 4
2021-10-04 22:03:42,161 DEBUG [eye_pupil_tracker_od][1][HOLD] - Holding cycles 4
2021-10-04 22:03:42,162 DEBUG [eye_pupil_tracker_os][1][HOLD] - Holding cycles 4
2021-10-04 22:03:42,163 DEBUG [nose_tracker][1][HOLD] - Holding cycles 4
2021-10-04 22:03:42,165 DEBUG [nose_tracker_1][1][HOLD] - Holding cycles 4
2021-10-04 22:03:42,166 DEBUG [nose_tracker_2][1][HOLD] - Holding cycles 4
2021-10-04 22:03:42,167 DEBUG [nose_tracker_3][1][HOLD] - Holding cycles 4
2021-10-04 22:03:42,186 DEBUG [eye_corner_tracker_od][1][HOLD] - Holding cycles 5
2021-10-04 22:03:42,188 DEBUG [eye_corner_tracker_os][1][HOLD] - Holding cycles 5
2021-10-04 22:03:42,189 DEBUG [eye_pupil_tracker_od][1][HOLD] - Holding cycles 5
2021-10-04 22:03:42,190 DEBUG [eye_pupil_tracker_os][1][HOLD] - Holding cycles 5
2021-10-04 22:03:42,192 DEBUG [nose_tracker][1][HOLD] - Holding cycles 5
2021-10-04 22:03:42,193 DEBUG [nose_tracker_1][1][HOLD] - Holding cycles 5
2021-10-04 22:03:42,195 DEBUG [nose_tracker_2][1][HOLD] - Holding cycles 5
2021-10-04 22:03:42,196 DEBUG [nose_tracker_3][1][HOLD] - Holding cycles 5
2021-10-04 22:03:42,215 DEBUG [eye_corner_tracker_od][1][HOLD] - Holding cycles 6
2021-10-04 22:03:42,217 DEBUG [eye_corner_tracker_os][1][HOLD] - Holding cycles 6
2021-10-04 22:03:42,219 DEBUG [eye_pupil_tracker_od][1][HOLD] - Holding cycles 6
2021-10-04 22:03:42,220 DEBUG [eye_pupil_tracker_os][1][HOLD] - Holding cycles 6
2021-10-04 22:03:42,222 DEBUG [nose_tracker][1][HOLD] - Holding cycles 6
2021-10-04 22:03:42,223 DEBUG [nose_tracker_1][1][HOLD] - Holding cycles 6
2021-10-04 22:03:42,224 DEBUG [nose_tracker_2][1][HOLD] - Holding cycles 6
2021-10-04 22:03:42,225 DEBUG [nose_tracker_3][1][HOLD] - Holding cycles 6
2021-10-04 22:03:42,243 DEBUG [eye_corner_tracker_od][1][HOLD] - Holding cycles 7
2021-10-04 22:03:42,245 DEBUG [eye_corner_tracker_os][1][HOLD] - Holding cycles 7
2021-10-04 22:03:42,246 DEBUG [eye_pupil_tracker_od][1][HOLD] - Holding cycles 7
2021-10-04 22:03:42,248 DEBUG [eye_pupil_tracker_os][1][HOLD] - Holding cycles 7
2021-10-04 22:03:42,249 DEBUG [nose_tracker][1][HOLD] - Holding cycles 7
2021-10-04 22:03:42,250 DEBUG [nose_tracker_1][1][HOLD] - Holding cycles 7
2021-10-04 22:03:42,252 DEBUG [nose_tracker_2][1][HOLD] - Holding cycles 7
2021-10-04 22:03:42,253 DEBUG [nose_tracker_3][1][HOLD] - Holding cycles 7
2021-10-04 22:03:42,272 DEBUG [eye_corner_tracker_od][1][HOLD] - Holding cycles 8
2021-10-04 22:03:42,273 DEBUG [eye_corner_tracker_os][1][HOLD] - Holding cycles 8
2021-10-04 22:03:42,275 DEBUG [eye_pupil_tracker_od][1][HOLD] - Holding cycles 8
2021-10-04 22:03:42,276 DEBUG [eye_pupil_tracker_os][1][HOLD] - Holding cycles 8
2021-10-04 22:03:42,278 DEBUG [nose_tracker][1][HOLD] - Holding cycles 8
2021-10-04 22:03:42,279 DEBUG [nose_tracker_1][1][HOLD] - Holding cycles 8
2021-10-04 22:03:42,280 DEBUG [nose_tracker_2][1][HOLD] - Holding cycles 8
2021-10-04 22:03:42,282 DEBUG [nose_tracker_3][1][HOLD] - Holding cycles 8
2021-10-04 22:03:42,300 DEBUG [eye_corner_tracker_od][1][HOLD] - Holding cycles 9
2021-10-04 22:03:42,302 DEBUG [eye_corner_tracker_os][1][HOLD] - Holding cycles 9
2021-10-04 22:03:42,308 DEBUG [eye_pupil_tracker_od][1][HOLD] - Holding cycles 9
2021-10-04 22:03:42,309 DEBUG [eye_pupil_tracker_os][1][HOLD] - Holding cycles 9
2021-10-04 22:03:42,311 DEBUG [nose_tracker][1][HOLD] - Holding cycles 9
2021-10-04 22:03:42,312 DEBUG [nose_tracker_1][1][HOLD] - Holding cycles 9
2021-10-04 22:03:42,314 DEBUG [nose_tracker_2][1][HOLD] - Holding cycles 9
2021-10-04 22:03:42,315 DEBUG [nose_tracker_3][1][HOLD] - Holding cycles 9
2021-10-04 22:03:42,335 DEBUG [eye_corner_tracker_od][1][HOLD] - Holding cycles 10
2021-10-04 22:03:42,336 DEBUG [eye_corner_tracker_os][1][HOLD] - Holding cycles 10
2021-10-04 22:03:42,338 DEBUG [eye_pupil_tracker_od][1][HOLD] - Holding cycles 10
2021-10-04 22:03:42,339 DEBUG [eye_pupil_tracker_os][1][HOLD] - Holding cycles 10
2021-10-04 22:03:42,340 DEBUG [nose_tracker][1][HOLD] - Holding cycles 10
2021-10-04 22:03:42,342 DEBUG [nose_tracker_1][1][HOLD] - Holding cycles 10
2021-10-04 22:03:42,343 DEBUG [nose_tracker_2][1][HOLD] - Holding cycles 10
2021-10-04 22:03:42,344 DEBUG [nose_tracker_3][1][HOLD] - Holding cycles 10
2021-10-04 22:03:42,364 DEBUG [eye_corner_tracker_od][1][HOLD] - Holding cycles 11
2021-10-04 22:03:42,365 DEBUG [eye_corner_tracker_os][1][HOLD] - Holding cycles 11
2021-10-04 22:03:42,366 DEBUG [eye_pupil_tracker_od][1][HOLD] - Holding cycles 11
2021-10-04 22:03:42,368 DEBUG [eye_pupil_tracker_os][1][HOLD] - Holding cycles 11
2021-10-04 22:03:42,369 DEBUG [nose_tracker][1][HOLD] - Holding cycles 11
2021-10-04 22:03:42,371 DEBUG [nose_tracker_1][1][HOLD] - Holding cycles 11
2021-10-04 22:03:42,372 DEBUG [nose_tracker_2][1][HOLD] - Holding cycles 11
2021-10-04 22:03:42,373 DEBUG [nose_tracker_3][1][HOLD] - Holding cycles 11
2021-10-04 22:03:42,392 DEBUG [eye_corner_tracker_od][1][HOLD] - Holding cycles 12
2021-10-04 22:03:42,394 DEBUG [eye_corner_tracker_os][1][HOLD] - Holding cycles 12
2021-10-04 22:03:42,396 DEBUG [eye_pupil_tracker_od][1][HOLD] - Holding cycles 12
2021-10-04 22:03:42,397 DEBUG [eye_pupil_tracker_os][1][HOLD] - Holding cycles 12
2021-10-04 22:03:42,398 DEBUG [nose_tracker][1][HOLD] - Holding cycles 12
2021-10-04 22:03:42,400 DEBUG [nose_tracker_1][1][HOLD] - Holding cycles 12
2021-10-04 22:03:42,401 DEBUG [nose_tracker_2][1][HOLD] - Holding cycles 12
2021-10-04 22:03:42,402 DEBUG [nose_tracker_3][1][HOLD] - Holding cycles 12
2021-10-04 22:03:42,422 DEBUG [eye_corner_tracker_od][1][HOLD] - Holding cycles 13
2021-10-04 22:03:42,423 DEBUG [eye_corner_tracker_os][1][HOLD] - Holding cycles 13
2021-10-04 22:03:42,425 DEBUG [eye_pupil_tracker_od][1][HOLD] - Holding cycles 13
2021-10-04 22:03:42,426 DEBUG [eye_pupil_tracker_os][1][HOLD] - Holding cycles 13
2021-10-04 22:03:42,428 DEBUG [nose_tracker][1][HOLD] - Holding cycles 13
2021-10-04 22:03:42,429 DEBUG [nose_tracker_1][1][HOLD] - Holding cycles 13
2021-10-04 22:03:42,430 DEBUG [nose_tracker_2][1][HOLD] - Holding cycles 13
2021-10-04 22:03:42,432 DEBUG [nose_tracker_3][1][HOLD] - Holding cycles 13
2021-10-04 22:03:42,451 DEBUG [eye_corner_tracker_od][1][HOLD] - Holding cycles 14
2021-10-04 22:03:42,453 DEBUG [eye_corner_tracker_os][1][HOLD] - Holding cycles 14
2021-10-04 22:03:42,454 DEBUG [eye_pupil_tracker_od][1][HOLD] - Holding cycles 14
2021-10-04 22:03:42,455 DEBUG [eye_pupil_tracker_os][1][HOLD] - Holding cycles 14
2021-10-04 22:03:42,457 DEBUG [nose_tracker][1][HOLD] - Holding cycles 14
2021-10-04 22:03:42,458 DEBUG [nose_tracker_1][1][HOLD] - Holding cycles 14
2021-10-04 22:03:42,459 DEBUG [nose_tracker_2][1][HOLD] - Holding cycles 14
2021-10-04 22:03:42,461 DEBUG [nose_tracker_3][1][HOLD] - Holding cycles 14
2021-10-04 22:03:42,479 DEBUG [eye_corner_tracker_od][1][HOLD] - Holding cycles 15
2021-10-04 22:03:42,480 DEBUG [eye_corner_tracker_os][1][HOLD] - Holding cycles 15
2021-10-04 22:03:42,482 DEBUG [eye_pupil_tracker_od][1][HOLD] - Holding cycles 15
2021-10-04 22:03:42,483 DEBUG [eye_pupil_tracker_os][1][HOLD] - Holding cycles 15
2021-10-04 22:03:42,484 DEBUG [nose_tracker][1][HOLD] - Holding cycles 15
2021-10-04 22:03:42,486 DEBUG [nose_tracker_1][1][HOLD] - Holding cycles 15
2021-10-04 22:03:42,487 DEBUG [nose_tracker_2][1][HOLD] - Holding cycles 15
2021-10-04 22:03:42,488 DEBUG [nose_tracker_3][1][HOLD] - Holding cycles 15
2021-10-04 22:03:42,506 DEBUG [eye_corner_tracker_od][1][HOLD] - Holding cycles 16
2021-10-04 22:03:42,508 DEBUG [eye_corner_tracker_os][1][HOLD] - Holding cycles 16
2021-10-04 22:03:42,509 DEBUG [eye_pupil_tracker_od][1][HOLD] - Holding cycles 16
2021-10-04 22:03:42,511 DEBUG [eye_pupil_tracker_os][1][HOLD] - Holding cycles 16
2021-10-04 22:03:42,512 DEBUG [nose_tracker][1][HOLD] - Holding cycles 16
2021-10-04 22:03:42,513 DEBUG [nose_tracker_1][1][HOLD] - Holding cycles 16
2021-10-04 22:03:42,515 DEBUG [nose_tracker_2][1][HOLD] - Holding cycles 16
2021-10-04 22:03:42,516 DEBUG [nose_tracker_3][1][HOLD] - Holding cycles 16
2021-10-04 22:03:42,534 DEBUG [eye_corner_tracker_od][1][HOLD] - Holding cycles 17
2021-10-04 22:03:42,536 DEBUG [eye_corner_tracker_os][1][HOLD] - Holding cycles 17
2021-10-04 22:03:42,537 DEBUG [eye_pupil_tracker_od][1][HOLD] - Holding cycles 17
2021-10-04 22:03:42,538 DEBUG [eye_pupil_tracker_os][1][HOLD] - Holding cycles 17
2021-10-04 22:03:42,540 DEBUG [nose_tracker][1][HOLD] - Holding cycles 17
2021-10-04 22:03:42,541 DEBUG [nose_tracker_1][1][HOLD] - Holding cycles 17
2021-10-04 22:03:42,542 DEBUG [nose_tracker_2][1][HOLD] - Holding cycles 17
2021-10-04 22:03:42,544 DEBUG [nose_tracker_3][1][HOLD] - Holding cycles 17
2021-10-04 22:03:42,562 DEBUG [eye_corner_tracker_od][1][HOLD] - Holding cycles 18
2021-10-04 22:03:42,564 DEBUG [eye_corner_tracker_os][1][HOLD] - Holding cycles 18
2021-10-04 22:03:42,565 DEBUG [eye_pupil_tracker_od][1][HOLD] - Holding cycles 18
2021-10-04 22:03:42,567 DEBUG [eye_pupil_tracker_os][1][HOLD] - Holding cycles 18
2021-10-04 22:03:42,568 DEBUG [nose_tracker][1][HOLD] - Holding cycles 18
2021-10-04 22:03:42,569 DEBUG [nose_tracker_1][1][HOLD] - Holding cycles 18
2021-10-04 22:03:42,571 DEBUG [nose_tracker_2][1][HOLD] - Holding cycles 18
2021-10-04 22:03:42,572 DEBUG [nose_tracker_3][1][HOLD] - Holding cycles 18
2021-10-04 22:03:42,590 DEBUG [eye_corner_tracker_od][1][HOLD] - Holding cycles 19
2021-10-04 22:03:42,592 DEBUG [eye_corner_tracker_os][1][HOLD] - Holding cycles 19
2021-10-04 22:03:42,593 DEBUG [eye_pupil_tracker_od][1][HOLD] - Holding cycles 19
2021-10-04 22:03:42,595 DEBUG [eye_pupil_tracker_os][1][HOLD] - Holding cycles 19
2021-10-04 22:03:42,596 DEBUG [nose_tracker][1][HOLD] - Holding cycles 19
2021-10-04 22:03:42,597 DEBUG [nose_tracker_1][1][HOLD] - Holding cycles 19
2021-10-04 22:03:42,599 DEBUG [nose_tracker_2][1][HOLD] - Holding cycles 19
2021-10-04 22:03:42,600 DEBUG [nose_tracker_3][1][HOLD] - Holding cycles 19
2021-10-04 22:03:42,618 DEBUG [eye_corner_tracker_od][1][HOLD] - Holding cycles 20
2021-10-04 22:03:42,620 DEBUG [eye_corner_tracker_os][1][HOLD] - Holding cycles 20
2021-10-04 22:03:42,621 DEBUG [eye_pupil_tracker_od][1][HOLD] - Holding cycles 20
2021-10-04 22:03:42,623 DEBUG [eye_pupil_tracker_os][1][HOLD] - Holding cycles 20
2021-10-04 22:03:42,624 DEBUG [nose_tracker][1][HOLD] - Holding cycles 20
2021-10-04 22:03:42,625 DEBUG [nose_tracker_1][1][HOLD] - Holding cycles 20
2021-10-04 22:03:42,626 DEBUG [nose_tracker_2][1][HOLD] - Holding cycles 20
2021-10-04 22:03:42,628 DEBUG [nose_tracker_3][1][HOLD] - Holding cycles 20
2021-10-04 22:03:42,646 DEBUG  - No CANDIDATE detections were FOUND.
2021-10-04 22:03:42,647 DEBUG  - No CANDIDATE detections were FOUND.
2021-10-04 22:03:42,649 DEBUG  - No CANDIDATE detections were FOUND.
2021-10-04 22:03:42,650 DEBUG  - No CANDIDATE detections were FOUND.
2021-10-04 22:03:42,651 DEBUG  - No CANDIDATE detections were FOUND.
2021-10-04 22:03:42,653 DEBUG  - No CANDIDATE detections were FOUND.
2021-10-04 22:03:42,654 DEBUG  - No CANDIDATE detections were FOUND.
2021-10-04 22:03:42,655 DEBUG  - No CANDIDATE detections were FOUND.
2021-10-04 22:03:42,674 DEBUG  - No CANDIDATE detections were FOUND.
2021-10-04 22:03:42,675 DEBUG  - No CANDIDATE detections were FOUND.
2021-10-04 22:03:42,677 DEBUG  - No CANDIDATE detections were FOUND.
2021-10-04 22:03:42,678 DEBUG  - No CANDIDATE detections were FOUND.
2021-10-04 22:03:42,680 DEBUG  - No CANDIDATE detections were FOUND.
2021-10-04 22:03:42,681 DEBUG  - No CANDIDATE detections were FOUND.
2021-10-04 22:03:42,682 DEBUG  - No CANDIDATE detections were FOUND.
2021-10-04 22:03:42,684 DEBUG  - No CANDIDATE detections were FOUND.
2021-10-04 22:03:42,702 DEBUG  - No CANDIDATE detections were FOUND.
2021-10-04 22:03:42,703 DEBUG  - No CANDIDATE detections were FOUND.
2021-10-04 22:03:42,705 DEBUG  - No CANDIDATE detections were FOUND.
2021-10-04 22:03:42,706 DEBUG  - No CANDIDATE detections were FOUND.
2021-10-04 22:03:42,707 DEBUG  - No CANDIDATE detections were FOUND.
2021-10-04 22:03:42,709 DEBUG  - No CANDIDATE detections were FOUND.
2021-10-04 22:03:42,710 DEBUG  - No CANDIDATE detections were FOUND.
2021-10-04 22:03:42,711 DEBUG  - No CANDIDATE detections were FOUND.
2021-10-04 22:03:42,731 DEBUG  - No CANDIDATE detections were FOUND.
2021-10-04 22:03:42,732 DEBUG  - No CANDIDATE detections were FOUND.
2021-10-04 22:03:42,734 DEBUG  - No CANDIDATE detections were FOUND.
2021-10-04 22:03:42,735 DEBUG  - No CANDIDATE detections were FOUND.
2021-10-04 22:03:42,737 DEBUG  - No CANDIDATE detections were FOUND.
2021-10-04 22:03:42,738 DEBUG  - No CANDIDATE detections were FOUND.
2021-10-04 22:03:42,739 DEBUG  - No CANDIDATE detections were FOUND.
2021-10-04 22:03:42,741 DEBUG  - No CANDIDATE detections were FOUND.
2021-10-04 22:03:42,761 DEBUG  - No CANDIDATE detections were FOUND.
2021-10-04 22:03:42,763 DEBUG  - No CANDIDATE detections were FOUND.
2021-10-04 22:03:42,765 DEBUG  - No CANDIDATE detections were FOUND.
2021-10-04 22:03:42,767 DEBUG  - No CANDIDATE detections were FOUND.
2021-10-04 22:03:42,768 DEBUG  - No CANDIDATE detections were FOUND.
2021-10-04 22:03:42,770 DEBUG  - No CANDIDATE detections were FOUND.
2021-10-04 22:03:42,771 DEBUG  - No CANDIDATE detections were FOUND.
2021-10-04 22:03:42,772 DEBUG  - No CANDIDATE detections were FOUND.
2021-10-04 22:03:42,791 DEBUG  - No CANDIDATE detections were FOUND.
2021-10-04 22:03:42,793 DEBUG  - No CANDIDATE detections were FOUND.
2021-10-04 22:03:42,794 DEBUG  - No CANDIDATE detections were FOUND.
2021-10-04 22:03:42,796 DEBUG  - No CANDIDATE detections were FOUND.
2021-10-04 22:03:42,797 DEBUG  - No CANDIDATE detections were FOUND.
2021-10-04 22:03:42,799 DEBUG  - No CANDIDATE detections were FOUND.
2021-10-04 22:03:42,800 DEBUG  - No CANDIDATE detections were FOUND.
2021-10-04 22:03:42,802 DEBUG  - No CANDIDATE detections were FOUND.
2021-10-04 22:03:42,821 DEBUG  - No CANDIDATE detections were FOUND.
2021-10-04 22:03:42,822 DEBUG  - No CANDIDATE detections were FOUND.
2021-10-04 22:03:42,824 DEBUG  - No CANDIDATE detections were FOUND.
2021-10-04 22:03:42,825 DEBUG  - No CANDIDATE detections were FOUND.
2021-10-04 22:03:42,827 DEBUG  - No CANDIDATE detections were FOUND.
2021-10-04 22:03:42,828 DEBUG  - No CANDIDATE detections were FOUND.
2021-10-04 22:03:42,830 DEBUG  - No CANDIDATE detections were FOUND.
2021-10-04 22:03:42,831 DEBUG  - No CANDIDATE detections were FOUND.
2021-10-04 22:03:42,850 DEBUG  - No CANDIDATE detections were FOUND.
2021-10-04 22:03:42,852 DEBUG  - No CANDIDATE detections were FOUND.
2021-10-04 22:03:42,853 DEBUG  - No CANDIDATE detections were FOUND.
2021-10-04 22:03:42,855 DEBUG  - No CANDIDATE detections were FOUND.
2021-10-04 22:03:42,856 DEBUG  - No CANDIDATE detections were FOUND.
2021-10-04 22:03:42,858 DEBUG  - No CANDIDATE detections were FOUND.
2021-10-04 22:03:42,859 DEBUG  - No CANDIDATE detections were FOUND.
2021-10-04 22:03:42,860 DEBUG  - No CANDIDATE detections were FOUND.
2021-10-04 22:03:42,880 DEBUG  - No CANDIDATE detections were FOUND.
2021-10-04 22:03:42,881 DEBUG  - No CANDIDATE detections were FOUND.
2021-10-04 22:03:42,883 DEBUG  - No CANDIDATE detections were FOUND.
2021-10-04 22:03:42,884 DEBUG  - No CANDIDATE detections were FOUND.
2021-10-04 22:03:42,886 DEBUG  - No CANDIDATE detections were FOUND.
2021-10-04 22:03:42,887 DEBUG  - No CANDIDATE detections were FOUND.
2021-10-04 22:03:42,888 DEBUG  - No CANDIDATE detections were FOUND.
2021-10-04 22:03:42,890 DEBUG  - No CANDIDATE detections were FOUND.
2021-10-04 22:03:42,909 DEBUG  - No CANDIDATE detections were FOUND.
2021-10-04 22:03:42,911 DEBUG  - No CANDIDATE detections were FOUND.
2021-10-04 22:03:42,912 DEBUG  - No CANDIDATE detections were FOUND.
2021-10-04 22:03:42,914 DEBUG  - No CANDIDATE detections were FOUND.
2021-10-04 22:03:42,915 DEBUG  - No CANDIDATE detections were FOUND.
2021-10-04 22:03:42,916 DEBUG  - No CANDIDATE detections were FOUND.
2021-10-04 22:03:42,918 DEBUG  - No CANDIDATE detections were FOUND.
2021-10-04 22:03:42,919 DEBUG  - No CANDIDATE detections were FOUND.
2021-10-04 22:03:42,937 DEBUG  - No CANDIDATE detections were FOUND.
2021-10-04 22:03:42,939 DEBUG  - No CANDIDATE detections were FOUND.
2021-10-04 22:03:42,940 DEBUG  - No CANDIDATE detections were FOUND.
2021-10-04 22:03:42,941 DEBUG  - No CANDIDATE detections were FOUND.
2021-10-04 22:03:42,943 DEBUG  - No CANDIDATE detections were FOUND.
2021-10-04 22:03:42,944 DEBUG  - No CANDIDATE detections were FOUND.
2021-10-04 22:03:42,946 DEBUG  - No CANDIDATE detections were FOUND.
2021-10-04 22:03:42,947 DEBUG  - No CANDIDATE detections were FOUND.
2021-10-04 22:03:42,966 DEBUG  - No CANDIDATE detections were FOUND.
2021-10-04 22:03:42,967 DEBUG  - No CANDIDATE detections were FOUND.
2021-10-04 22:03:42,969 DEBUG  - No CANDIDATE detections were FOUND.
2021-10-04 22:03:42,970 DEBUG  - No CANDIDATE detections were FOUND.
2021-10-04 22:03:42,972 DEBUG  - No CANDIDATE detections were FOUND.
2021-10-04 22:03:42,973 DEBUG  - No CANDIDATE detections were FOUND.
2021-10-04 22:03:42,975 DEBUG  - No CANDIDATE detections were FOUND.
2021-10-04 22:03:42,976 DEBUG  - No CANDIDATE detections were FOUND.
2021-10-04 22:03:42,995 DEBUG  - No CANDIDATE detections were FOUND.
2021-10-04 22:03:42,996 DEBUG  - No CANDIDATE detections were FOUND.
2021-10-04 22:03:42,998 DEBUG  - No CANDIDATE detections were FOUND.
2021-10-04 22:03:43,000 DEBUG  - No CANDIDATE detections were FOUND.
2021-10-04 22:03:43,001 DEBUG  - No CANDIDATE detections were FOUND.
2021-10-04 22:03:43,003 DEBUG  - No CANDIDATE detections were FOUND.
2021-10-04 22:03:43,004 DEBUG  - No CANDIDATE detections were FOUND.
2021-10-04 22:03:43,005 DEBUG  - No CANDIDATE detections were FOUND.
2021-10-04 22:03:43,025 DEBUG  - No CANDIDATE detections were FOUND.
2021-10-04 22:03:43,026 DEBUG  - No CANDIDATE detections were FOUND.
2021-10-04 22:03:43,028 DEBUG  - No CANDIDATE detections were FOUND.
2021-10-04 22:03:43,029 DEBUG  - No CANDIDATE detections were FOUND.
2021-10-04 22:03:43,031 DEBUG  - No CANDIDATE detections were FOUND.
2021-10-04 22:03:43,032 DEBUG  - No CANDIDATE detections were FOUND.
2021-10-04 22:03:43,034 DEBUG  - No CANDIDATE detections were FOUND.
2021-10-04 22:03:43,035 DEBUG  - No CANDIDATE detections were FOUND.
2021-10-04 22:03:43,055 DEBUG  - No CANDIDATE detections were FOUND.
2021-10-04 22:03:43,057 DEBUG  - No CANDIDATE detections were FOUND.
2021-10-04 22:03:43,060 DEBUG  - No CANDIDATE detections were FOUND.
2021-10-04 22:03:43,062 DEBUG  - No CANDIDATE detections were FOUND.
2021-10-04 22:03:43,063 DEBUG  - No CANDIDATE detections were FOUND.
2021-10-04 22:03:43,065 DEBUG  - No CANDIDATE detections were FOUND.
2021-10-04 22:03:43,066 DEBUG  - No CANDIDATE detections were FOUND.
2021-10-04 22:03:43,068 DEBUG  - No CANDIDATE detections were FOUND.
2021-10-04 22:03:43,088 DEBUG  - No CANDIDATE detections were FOUND.
2021-10-04 22:03:43,090 DEBUG  - No CANDIDATE detections were FOUND.
2021-10-04 22:03:43,091 DEBUG  - No CANDIDATE detections were FOUND.
2021-10-04 22:03:43,093 DEBUG  - No CANDIDATE detections were FOUND.
2021-10-04 22:03:43,094 DEBUG  - No CANDIDATE detections were FOUND.
2021-10-04 22:03:43,096 DEBUG  - No CANDIDATE detections were FOUND.
2021-10-04 22:03:43,097 DEBUG  - No CANDIDATE detections were FOUND.
2021-10-04 22:03:43,099 DEBUG  - No CANDIDATE detections were FOUND.
2021-10-04 22:03:43,117 DEBUG  - No CANDIDATE detections were FOUND.
2021-10-04 22:03:43,119 DEBUG  - No CANDIDATE detections were FOUND.
2021-10-04 22:03:43,120 DEBUG  - No CANDIDATE detections were FOUND.
2021-10-04 22:03:43,121 DEBUG  - No CANDIDATE detections were FOUND.
2021-10-04 22:03:43,123 DEBUG  - No CANDIDATE detections were FOUND.
2021-10-04 22:03:43,124 DEBUG  - No CANDIDATE detections were FOUND.
2021-10-04 22:03:43,126 DEBUG  - No CANDIDATE detections were FOUND.
2021-10-04 22:03:43,127 DEBUG  - No CANDIDATE detections were FOUND.
2021-10-04 22:03:43,145 DEBUG  - No CANDIDATE detections were FOUND.
2021-10-04 22:03:43,147 DEBUG  - No CANDIDATE detections were FOUND.
2021-10-04 22:03:43,148 DEBUG  - No CANDIDATE detections were FOUND.
2021-10-04 22:03:43,150 DEBUG  - No CANDIDATE detections were FOUND.
2021-10-04 22:03:43,151 DEBUG  - No CANDIDATE detections were FOUND.
2021-10-04 22:03:43,152 DEBUG  - No CANDIDATE detections were FOUND.
2021-10-04 22:03:43,154 DEBUG  - No CANDIDATE detections were FOUND.
2021-10-04 22:03:43,155 DEBUG  - No CANDIDATE detections were FOUND.
2021-10-04 22:03:43,175 DEBUG  - No CANDIDATE detections were FOUND.
2021-10-04 22:03:43,177 DEBUG  - No CANDIDATE detections were FOUND.
2021-10-04 22:03:43,178 DEBUG  - No CANDIDATE detections were FOUND.
2021-10-04 22:03:43,180 DEBUG  - No CANDIDATE detections were FOUND.
2021-10-04 22:03:43,181 DEBUG  - No CANDIDATE detections were FOUND.
2021-10-04 22:03:43,183 DEBUG  - No CANDIDATE detections were FOUND.
2021-10-04 22:03:43,184 DEBUG  - No CANDIDATE detections were FOUND.
2021-10-04 22:03:43,186 DEBUG  - No CANDIDATE detections were FOUND.
2021-10-04 22:03:43,205 DEBUG  - No CANDIDATE detections were FOUND.
2021-10-04 22:03:43,206 DEBUG [eye_corner_tracker_od][1][DETECT] - Maximum FAILURE limit reached 20
2021-10-04 22:03:43,208 DEBUG  - No CANDIDATE detections were FOUND.
2021-10-04 22:03:43,208 DEBUG [eye_corner_tracker_os][1][DETECT] - Maximum FAILURE limit reached 20
2021-10-04 22:03:43,210 DEBUG  - No CANDIDATE detections were FOUND.
2021-10-04 22:03:43,211 DEBUG [eye_pupil_tracker_od][1][DETECT] - Maximum FAILURE limit reached 20
2021-10-04 22:03:43,212 DEBUG  - No CANDIDATE detections were FOUND.
2021-10-04 22:03:43,213 DEBUG [eye_pupil_tracker_os][1][DETECT] - Maximum FAILURE limit reached 20
2021-10-04 22:03:43,214 DEBUG  - No CANDIDATE detections were FOUND.
2021-10-04 22:03:43,215 DEBUG [nose_tracker][1][DETECT] - Maximum FAILURE limit reached 20
2021-10-04 22:03:43,217 DEBUG  - No CANDIDATE detections were FOUND.
2021-10-04 22:03:43,217 DEBUG [nose_tracker_1][1][DETECT] - Maximum FAILURE limit reached 20
2021-10-04 22:03:43,219 DEBUG  - No CANDIDATE detections were FOUND.
2021-10-04 22:03:43,220 DEBUG [nose_tracker_2][1][DETECT] - Maximum FAILURE limit reached 20
2021-10-04 22:03:43,221 DEBUG  - No CANDIDATE detections were FOUND.
2021-10-04 22:03:43,222 DEBUG [nose_tracker_3][1][DETECT] - Maximum FAILURE limit reached 20
2021-10-04 22:03:43,239 DEBUG [eye_corner_tracker_od][1][HOLD] - Holding cycles 0
2021-10-04 22:03:43,241 DEBUG [eye_corner_tracker_os][1][HOLD] - Holding cycles 0
2021-10-04 22:03:43,242 DEBUG [eye_pupil_tracker_od][1][HOLD] - Holding cycles 0
2021-10-04 22:03:43,244 DEBUG [eye_pupil_tracker_os][1][HOLD] - Holding cycles 0
2021-10-04 22:03:43,245 DEBUG [nose_tracker][1][HOLD] - Holding cycles 0
2021-10-04 22:03:43,246 DEBUG [nose_tracker_1][1][HOLD] - Holding cycles 0
2021-10-04 22:03:43,248 DEBUG [nose_tracker_2][1][HOLD] - Holding cycles 0
2021-10-04 22:03:43,249 DEBUG [nose_tracker_3][1][HOLD] - Holding cycles 0
2021-10-04 22:03:43,268 DEBUG [eye_corner_tracker_od][1][HOLD] - Holding cycles 1
2021-10-04 22:03:43,269 DEBUG [eye_corner_tracker_os][1][HOLD] - Holding cycles 1
2021-10-04 22:03:43,271 DEBUG [eye_pupil_tracker_od][1][HOLD] - Holding cycles 1
2021-10-04 22:03:43,272 DEBUG [eye_pupil_tracker_os][1][HOLD] - Holding cycles 1
2021-10-04 22:03:43,274 DEBUG [nose_tracker][1][HOLD] - Holding cycles 1
2021-10-04 22:03:43,275 DEBUG [nose_tracker_1][1][HOLD] - Holding cycles 1
2021-10-04 22:03:43,276 DEBUG [nose_tracker_2][1][HOLD] - Holding cycles 1
2021-10-04 22:03:43,278 DEBUG [nose_tracker_3][1][HOLD] - Holding cycles 1
2021-10-04 22:03:43,296 DEBUG [eye_corner_tracker_od][1][HOLD] - Holding cycles 2
2021-10-04 22:03:43,298 DEBUG [eye_corner_tracker_os][1][HOLD] - Holding cycles 2
2021-10-04 22:03:43,299 DEBUG [eye_pupil_tracker_od][1][HOLD] - Holding cycles 2
2021-10-04 22:03:43,301 DEBUG [eye_pupil_tracker_os][1][HOLD] - Holding cycles 2
2021-10-04 22:03:43,303 DEBUG [nose_tracker][1][HOLD] - Holding cycles 2
2021-10-04 22:03:43,304 DEBUG [nose_tracker_1][1][HOLD] - Holding cycles 2
2021-10-04 22:03:43,305 DEBUG [nose_tracker_2][1][HOLD] - Holding cycles 2
2021-10-04 22:03:43,307 DEBUG [nose_tracker_3][1][HOLD] - Holding cycles 2
2021-10-04 22:03:43,325 DEBUG [eye_corner_tracker_od][1][HOLD] - Holding cycles 3
2021-10-04 22:03:43,327 DEBUG [eye_corner_tracker_os][1][HOLD] - Holding cycles 3
2021-10-04 22:03:43,328 DEBUG [eye_pupil_tracker_od][1][HOLD] - Holding cycles 3
2021-10-04 22:03:43,330 DEBUG [eye_pupil_tracker_os][1][HOLD] - Holding cycles 3
2021-10-04 22:03:43,332 DEBUG [nose_tracker][1][HOLD] - Holding cycles 3
2021-10-04 22:03:43,333 DEBUG [nose_tracker_1][1][HOLD] - Holding cycles 3
2021-10-04 22:03:43,334 DEBUG [nose_tracker_2][1][HOLD] - Holding cycles 3
2021-10-04 22:03:43,336 DEBUG [nose_tracker_3][1][HOLD] - Holding cycles 3
2021-10-04 22:03:43,355 DEBUG [eye_corner_tracker_od][1][HOLD] - Holding cycles 4
2021-10-04 22:03:43,357 DEBUG [eye_corner_tracker_os][1][HOLD] - Holding cycles 4
2021-10-04 22:03:43,358 DEBUG [eye_pupil_tracker_od][1][HOLD] - Holding cycles 4
2021-10-04 22:03:43,360 DEBUG [eye_pupil_tracker_os][1][HOLD] - Holding cycles 4
2021-10-04 22:03:43,361 DEBUG [nose_tracker][1][HOLD] - Holding cycles 4
2021-10-04 22:03:43,363 DEBUG [nose_tracker_1][1][HOLD] - Holding cycles 4
2021-10-04 22:03:43,364 DEBUG [nose_tracker_2][1][HOLD] - Holding cycles 4
2021-10-04 22:03:43,365 DEBUG [nose_tracker_3][1][HOLD] - Holding cycles 4
2021-10-04 22:03:43,385 DEBUG [eye_corner_tracker_od][1][HOLD] - Holding cycles 5
2021-10-04 22:03:43,386 DEBUG [eye_corner_tracker_os][1][HOLD] - Holding cycles 5
2021-10-04 22:03:43,388 DEBUG [eye_pupil_tracker_od][1][HOLD] - Holding cycles 5
2021-10-04 22:03:43,389 DEBUG [eye_pupil_tracker_os][1][HOLD] - Holding cycles 5
2021-10-04 22:03:43,391 DEBUG [nose_tracker][1][HOLD] - Holding cycles 5
2021-10-04 22:03:43,392 DEBUG [nose_tracker_1][1][HOLD] - Holding cycles 5
2021-10-04 22:03:43,394 DEBUG [nose_tracker_2][1][HOLD] - Holding cycles 5
2021-10-04 22:03:43,395 DEBUG [nose_tracker_3][1][HOLD] - Holding cycles 5
2021-10-04 22:03:43,413 DEBUG [eye_corner_tracker_od][1][HOLD] - Holding cycles 6
2021-10-04 22:03:43,415 DEBUG [eye_corner_tracker_os][1][HOLD] - Holding cycles 6
2021-10-04 22:03:43,416 DEBUG [eye_pupil_tracker_od][1][HOLD] - Holding cycles 6
2021-10-04 22:03:43,418 DEBUG [eye_pupil_tracker_os][1][HOLD] - Holding cycles 6
2021-10-04 22:03:43,419 DEBUG [nose_tracker][1][HOLD] - Holding cycles 6
2021-10-04 22:03:43,421 DEBUG [nose_tracker_1][1][HOLD] - Holding cycles 6
2021-10-04 22:03:43,422 DEBUG [nose_tracker_2][1][HOLD] - Holding cycles 6
2021-10-04 22:03:43,424 DEBUG [nose_tracker_3][1][HOLD] - Holding cycles 6
2021-10-04 22:03:43,442 DEBUG [eye_corner_tracker_od][1][HOLD] - Holding cycles 7
2021-10-04 22:03:43,443 DEBUG [eye_corner_tracker_os][1][HOLD] - Holding cycles 7
2021-10-04 22:03:43,445 DEBUG [eye_pupil_tracker_od][1][HOLD] - Holding cycles 7
2021-10-04 22:03:43,446 DEBUG [eye_pupil_tracker_os][1][HOLD] - Holding cycles 7
2021-10-04 22:03:43,448 DEBUG [nose_tracker][1][HOLD] - Holding cycles 7
2021-10-04 22:03:43,449 DEBUG [nose_tracker_1][1][HOLD] - Holding cycles 7
2021-10-04 22:03:43,451 DEBUG [nose_tracker_2][1][HOLD] - Holding cycles 7
2021-10-04 22:03:43,452 DEBUG [nose_tracker_3][1][HOLD] - Holding cycles 7
2021-10-04 22:03:43,471 DEBUG [eye_corner_tracker_od][1][HOLD] - Holding cycles 8
2021-10-04 22:03:43,472 DEBUG [eye_corner_tracker_os][1][HOLD] - Holding cycles 8
2021-10-04 22:03:43,474 DEBUG [eye_pupil_tracker_od][1][HOLD] - Holding cycles 8
2021-10-04 22:03:43,475 DEBUG [eye_pupil_tracker_os][1][HOLD] - Holding cycles 8
2021-10-04 22:03:43,477 DEBUG [nose_tracker][1][HOLD] - Holding cycles 8
2021-10-04 22:03:43,478 DEBUG [nose_tracker_1][1][HOLD] - Holding cycles 8
2021-10-04 22:03:43,480 DEBUG [nose_tracker_2][1][HOLD] - Holding cycles 8
2021-10-04 22:03:43,481 DEBUG [nose_tracker_3][1][HOLD] - Holding cycles 8
2021-10-04 22:03:43,500 DEBUG [eye_corner_tracker_od][1][HOLD] - Holding cycles 9
2021-10-04 22:03:43,501 DEBUG [eye_corner_tracker_os][1][HOLD] - Holding cycles 9
2021-10-04 22:03:43,503 DEBUG [eye_pupil_tracker_od][1][HOLD] - Holding cycles 9
2021-10-04 22:03:43,504 DEBUG [eye_pupil_tracker_os][1][HOLD] - Holding cycles 9
2021-10-04 22:03:43,506 DEBUG [nose_tracker][1][HOLD] - Holding cycles 9
2021-10-04 22:03:43,507 DEBUG [nose_tracker_1][1][HOLD] - Holding cycles 9
2021-10-04 22:03:43,509 DEBUG [nose_tracker_2][1][HOLD] - Holding cycles 9
2021-10-04 22:03:43,510 DEBUG [nose_tracker_3][1][HOLD] - Holding cycles 9
2021-10-04 22:03:43,529 DEBUG [eye_corner_tracker_od][1][HOLD] - Holding cycles 10
2021-10-04 22:03:43,531 DEBUG [eye_corner_tracker_os][1][HOLD] - Holding cycles 10
2021-10-04 22:03:43,532 DEBUG [eye_pupil_tracker_od][1][HOLD] - Holding cycles 10
2021-10-04 22:03:43,534 DEBUG [eye_pupil_tracker_os][1][HOLD] - Holding cycles 10
2021-10-04 22:03:43,535 DEBUG [nose_tracker][1][HOLD] - Holding cycles 10
2021-10-04 22:03:43,536 DEBUG [nose_tracker_1][1][HOLD] - Holding cycles 10
2021-10-04 22:03:43,538 DEBUG [nose_tracker_2][1][HOLD] - Holding cycles 10
2021-10-04 22:03:43,539 DEBUG [nose_tracker_3][1][HOLD] - Holding cycles 10
2021-10-04 22:03:43,557 DEBUG [eye_corner_tracker_od][1][HOLD] - Holding cycles 11
2021-10-04 22:03:43,558 DEBUG [eye_corner_tracker_os][1][HOLD] - Holding cycles 11
2021-10-04 22:03:43,560 DEBUG [eye_pupil_tracker_od][1][HOLD] - Holding cycles 11
2021-10-04 22:03:43,561 DEBUG [eye_pupil_tracker_os][1][HOLD] - Holding cycles 11
2021-10-04 22:03:43,563 DEBUG [nose_tracker][1][HOLD] - Holding cycles 11
2021-10-04 22:03:43,564 DEBUG [nose_tracker_1][1][HOLD] - Holding cycles 11
2021-10-04 22:03:43,566 DEBUG [nose_tracker_2][1][HOLD] - Holding cycles 11
2021-10-04 22:03:43,567 DEBUG [nose_tracker_3][1][HOLD] - Holding cycles 11
2021-10-04 22:03:43,585 DEBUG [eye_corner_tracker_od][1][HOLD] - Holding cycles 12
2021-10-04 22:03:43,587 DEBUG [eye_corner_tracker_os][1][HOLD] - Holding cycles 12
2021-10-04 22:03:43,589 DEBUG [eye_pupil_tracker_od][1][HOLD] - Holding cycles 12
2021-10-04 22:03:43,590 DEBUG [eye_pupil_tracker_os][1][HOLD] - Holding cycles 12
2021-10-04 22:03:43,592 DEBUG [nose_tracker][1][HOLD] - Holding cycles 12
2021-10-04 22:03:43,593 DEBUG [nose_tracker_1][1][HOLD] - Holding cycles 12
2021-10-04 22:03:43,594 DEBUG [nose_tracker_2][1][HOLD] - Holding cycles 12
2021-10-04 22:03:43,596 DEBUG [nose_tracker_3][1][HOLD] - Holding cycles 12
2021-10-04 22:03:43,615 DEBUG [eye_corner_tracker_od][1][HOLD] - Holding cycles 13
2021-10-04 22:03:43,616 DEBUG [eye_corner_tracker_os][1][HOLD] - Holding cycles 13
2021-10-04 22:03:43,618 DEBUG [eye_pupil_tracker_od][1][HOLD] - Holding cycles 13
2021-10-04 22:03:43,619 DEBUG [eye_pupil_tracker_os][1][HOLD] - Holding cycles 13
2021-10-04 22:03:43,621 DEBUG [nose_tracker][1][HOLD] - Holding cycles 13
2021-10-04 22:03:43,622 DEBUG [nose_tracker_1][1][HOLD] - Holding cycles 13
2021-10-04 22:03:43,624 DEBUG [nose_tracker_2][1][HOLD] - Holding cycles 13
2021-10-04 22:03:43,625 DEBUG [nose_tracker_3][1][HOLD] - Holding cycles 13
2021-10-04 22:03:43,643 DEBUG [eye_corner_tracker_od][1][HOLD] - Holding cycles 14
2021-10-04 22:03:43,645 DEBUG [eye_corner_tracker_os][1][HOLD] - Holding cycles 14
2021-10-04 22:03:43,647 DEBUG [eye_pupil_tracker_od][1][HOLD] - Holding cycles 14
2021-10-04 22:03:43,648 DEBUG [eye_pupil_tracker_os][1][HOLD] - Holding cycles 14
2021-10-04 22:03:43,650 DEBUG [nose_tracker][1][HOLD] - Holding cycles 14
2021-10-04 22:03:43,651 DEBUG [nose_tracker_1][1][HOLD] - Holding cycles 14
2021-10-04 22:03:43,653 DEBUG [nose_tracker_2][1][HOLD] - Holding cycles 14
2021-10-04 22:03:43,654 DEBUG [nose_tracker_3][1][HOLD] - Holding cycles 14
2021-10-04 22:03:43,673 DEBUG [eye_corner_tracker_od][1][HOLD] - Holding cycles 15
2021-10-04 22:03:43,675 DEBUG [eye_corner_tracker_os][1][HOLD] - Holding cycles 15
2021-10-04 22:03:43,676 DEBUG [eye_pupil_tracker_od][1][HOLD] - Holding cycles 15
2021-10-04 22:03:43,678 DEBUG [eye_pupil_tracker_os][1][HOLD] - Holding cycles 15
2021-10-04 22:03:43,679 DEBUG [nose_tracker][1][HOLD] - Holding cycles 15
2021-10-04 22:03:43,681 DEBUG [nose_tracker_1][1][HOLD] - Holding cycles 15
2021-10-04 22:03:43,682 DEBUG [nose_tracker_2][1][HOLD] - Holding cycles 15
2021-10-04 22:03:43,684 DEBUG [nose_tracker_3][1][HOLD] - Holding cycles 15
2021-10-04 22:03:43,703 DEBUG [eye_corner_tracker_od][1][HOLD] - Holding cycles 16
2021-10-04 22:03:43,704 DEBUG [eye_corner_tracker_os][1][HOLD] - Holding cycles 16
2021-10-04 22:03:43,706 DEBUG [eye_pupil_tracker_od][1][HOLD] - Holding cycles 16
2021-10-04 22:03:43,707 DEBUG [eye_pupil_tracker_os][1][HOLD] - Holding cycles 16
2021-10-04 22:03:43,709 DEBUG [nose_tracker][1][HOLD] - Holding cycles 16
2021-10-04 22:03:43,710 DEBUG [nose_tracker_1][1][HOLD] - Holding cycles 16
2021-10-04 22:03:43,712 DEBUG [nose_tracker_2][1][HOLD] - Holding cycles 16
2021-10-04 22:03:43,713 DEBUG [nose_tracker_3][1][HOLD] - Holding cycles 16
2021-10-04 22:03:43,732 DEBUG [eye_corner_tracker_od][1][HOLD] - Holding cycles 17
2021-10-04 22:03:43,733 DEBUG [eye_corner_tracker_os][1][HOLD] - Holding cycles 17
2021-10-04 22:03:43,735 DEBUG [eye_pupil_tracker_od][1][HOLD] - Holding cycles 17
2021-10-04 22:03:43,736 DEBUG [eye_pupil_tracker_os][1][HOLD] - Holding cycles 17
2021-10-04 22:03:43,737 DEBUG [nose_tracker][1][HOLD] - Holding cycles 17
2021-10-04 22:03:43,739 DEBUG [nose_tracker_1][1][HOLD] - Holding cycles 17
2021-10-04 22:03:43,740 DEBUG [nose_tracker_2][1][HOLD] - Holding cycles 17
2021-10-04 22:03:43,742 DEBUG [nose_tracker_3][1][HOLD] - Holding cycles 17
2021-10-04 22:03:43,759 DEBUG [eye_corner_tracker_od][1][HOLD] - Holding cycles 18
2021-10-04 22:03:43,761 DEBUG [eye_corner_tracker_os][1][HOLD] - Holding cycles 18
2021-10-04 22:03:43,763 DEBUG [eye_pupil_tracker_od][1][HOLD] - Holding cycles 18
2021-10-04 22:03:43,764 DEBUG [eye_pupil_tracker_os][1][HOLD] - Holding cycles 18
2021-10-04 22:03:43,765 DEBUG [nose_tracker][1][HOLD] - Holding cycles 18
2021-10-04 22:03:43,767 DEBUG [nose_tracker_1][1][HOLD] - Holding cycles 18
2021-10-04 22:03:43,768 DEBUG [nose_tracker_2][1][HOLD] - Holding cycles 18
2021-10-04 22:03:43,769 DEBUG [nose_tracker_3][1][HOLD] - Holding cycles 18
2021-10-04 22:03:43,788 DEBUG [eye_corner_tracker_od][1][HOLD] - Holding cycles 19
2021-10-04 22:03:43,790 DEBUG [eye_corner_tracker_os][1][HOLD] - Holding cycles 19
2021-10-04 22:03:43,791 DEBUG [eye_pupil_tracker_od][1][HOLD] - Holding cycles 19
2021-10-04 22:03:43,792 DEBUG [eye_pupil_tracker_os][1][HOLD] - Holding cycles 19
2021-10-04 22:03:43,794 DEBUG [nose_tracker][1][HOLD] - Holding cycles 19
2021-10-04 22:03:43,796 DEBUG [nose_tracker_1][1][HOLD] - Holding cycles 19
2021-10-04 22:03:43,797 DEBUG [nose_tracker_2][1][HOLD] - Holding cycles 19
2021-10-04 22:03:43,798 DEBUG [nose_tracker_3][1][HOLD] - Holding cycles 19
2021-10-04 22:03:43,818 DEBUG [eye_corner_tracker_od][1][HOLD] - Holding cycles 20
2021-10-04 22:03:43,820 DEBUG [eye_corner_tracker_os][1][HOLD] - Holding cycles 20
2021-10-04 22:03:43,825 DEBUG [eye_pupil_tracker_od][1][HOLD] - Holding cycles 20
2021-10-04 22:03:43,826 DEBUG [eye_pupil_tracker_os][1][HOLD] - Holding cycles 20
2021-10-04 22:03:43,828 DEBUG [nose_tracker][1][HOLD] - Holding cycles 20
2021-10-04 22:03:43,829 DEBUG [nose_tracker_1][1][HOLD] - Holding cycles 20
2021-10-04 22:03:43,831 DEBUG [nose_tracker_2][1][HOLD] - Holding cycles 20
2021-10-04 22:03:43,832 DEBUG [nose_tracker_3][1][HOLD] - Holding cycles 20
2021-10-04 22:03:43,852 DEBUG  - No CANDIDATE detections were FOUND.
2021-10-04 22:03:43,854 DEBUG  - No CANDIDATE detections were FOUND.
2021-10-04 22:03:43,856 DEBUG  - No CANDIDATE detections were FOUND.
2021-10-04 22:03:43,857 DEBUG  - No CANDIDATE detections were FOUND.
2021-10-04 22:03:43,859 DEBUG  - No CANDIDATE detections were FOUND.
2021-10-04 22:03:43,860 DEBUG  - No CANDIDATE detections were FOUND.
2021-10-04 22:03:43,862 DEBUG  - No CANDIDATE detections were FOUND.
2021-10-04 22:03:43,863 DEBUG  - No CANDIDATE detections were FOUND.
2021-10-04 22:03:43,910 DEBUG  - Validity Check [FAILED] (Empty)
2021-10-04 22:03:43,911 DEBUG  - Validity Check [FAILED] (Empty)
2021-10-04 22:03:43,913 DEBUG  - No CANDIDATE detections were FOUND.
2021-10-04 22:03:43,914 DEBUG  - Validity Check [FAILED] (Empty)
2021-10-04 22:03:43,916 DEBUG  - Validity Check [FAILED] (Empty)
2021-10-04 22:03:43,917 DEBUG  - Validity Check [FAILED] (Empty)
2021-10-04 22:03:43,919 DEBUG  - Validity Check [FAILED] (Empty)
2021-10-04 22:03:43,920 DEBUG  - Validity Check [FAILED] (Empty)
2021-10-04 22:03:43,963 DEBUG validityCheck - Tracker Detection [FAILED]
2021-10-04 22:03:43,965 DEBUG validityCheck - Tracker Detection [PASSED]
2021-10-04 22:03:43,966 DEBUG [eye_corner_tracker_os][1][DETECT] - [DETECT] Found valid detection 1/3
2021-10-04 22:03:43,967 DEBUG  - No CANDIDATE detections were FOUND.
2021-10-04 22:03:43,968 DEBUG validityCheck - Tracker Detection [PASSED]
2021-10-04 22:03:43,969 DEBUG [eye_pupil_tracker_os][1][DETECT] - [DETECT] Found valid detection 1/3
2021-10-04 22:03:43,971 DEBUG validityCheck - Tracker Detection [PASSED]
2021-10-04 22:03:43,972 DEBUG [nose_tracker][1][DETECT] - [DETECT] Found valid detection 1/3
2021-10-04 22:03:43,973 DEBUG validityCheck - Tracker Detection [PASSED]
2021-10-04 22:03:43,974 DEBUG [nose_tracker_1][1][DETECT] - [DETECT] Found valid detection 1/3
2021-10-04 22:03:43,976 DEBUG validityCheck - Tracker Detection [PASSED]
2021-10-04 22:03:43,976 DEBUG [nose_tracker_2][1][DETECT] - [DETECT] Found valid detection 1/3
2021-10-04 22:03:43,978 DEBUG validityCheck - Tracker Detection [PASSED]
2021-10-04 22:03:43,979 DEBUG [nose_tracker_3][1][DETECT] - [DETECT] Found valid detection 1/3
2021-10-04 22:03:44,034 DEBUG validityCheck - Tracker Detection [PASSED]
2021-10-04 22:03:44,035 DEBUG [eye_corner_tracker_od][1][DETECT] - [DETECT] Found valid detection 1/3
2021-10-04 22:03:44,037 DEBUG validityCheck - Tracker Detection [PASSED]
2021-10-04 22:03:44,037 DEBUG [eye_corner_tracker_os][1][DETECT] - [DETECT] Found valid detection 2/3
2021-10-04 22:03:44,039 DEBUG  - No CANDIDATE detections were FOUND.
2021-10-04 22:03:44,040 DEBUG validityCheck - Tracker Detection [PASSED]
2021-10-04 22:03:44,041 DEBUG [eye_pupil_tracker_os][1][DETECT] - [DETECT] Found valid detection 2/3
2021-10-04 22:03:44,043 DEBUG validityCheck - Tracker Detection [PASSED]
2021-10-04 22:03:44,044 DEBUG [nose_tracker][1][DETECT] - [DETECT] Found valid detection 2/3
2021-10-04 22:03:44,045 DEBUG validityCheck - Tracker Detection [PASSED]
2021-10-04 22:03:44,046 DEBUG [nose_tracker_1][1][DETECT] - [DETECT] Found valid detection 2/3
2021-10-04 22:03:44,048 DEBUG validityCheck - Tracker Detection [PASSED]
2021-10-04 22:03:44,048 DEBUG [nose_tracker_2][1][DETECT] - [DETECT] Found valid detection 2/3
2021-10-04 22:03:44,050 DEBUG validityCheck - Tracker Detection [PASSED]
2021-10-04 22:03:44,051 DEBUG [nose_tracker_3][1][DETECT] - [DETECT] Found valid detection 2/3
2021-10-04 22:03:44,101 DEBUG validityCheck - Tracker Detection [PASSED]
2021-10-04 22:03:44,102 DEBUG [eye_corner_tracker_od][1][DETECT] - [DETECT] Found valid detection 2/3
2021-10-04 22:03:44,104 DEBUG validityCheck - Tracker Detection [PASSED]
2021-10-04 22:03:44,105 DEBUG [eye_corner_tracker_os][1][DETECT] - [DETECT] Found valid detection 3/3
2021-10-04 22:03:44,106 DEBUG  - No CANDIDATE detections were FOUND.
2021-10-04 22:03:44,108 DEBUG validityCheck - Tracker Detection [PASSED]
2021-10-04 22:03:44,109 DEBUG [eye_pupil_tracker_os][1][DETECT] - [DETECT] Found valid detection 3/3
2021-10-04 22:03:44,110 DEBUG validityCheck - Tracker Detection [PASSED]
2021-10-04 22:03:44,111 DEBUG [nose_tracker][1][DETECT] - [DETECT] Found valid detection 3/3
2021-10-04 22:03:44,112 DEBUG validityCheck - Tracker Detection [PASSED]
2021-10-04 22:03:44,113 DEBUG [nose_tracker_1][1][DETECT] - [DETECT] Found valid detection 3/3
2021-10-04 22:03:44,115 DEBUG validityCheck - Tracker Detection [PASSED]
2021-10-04 22:03:44,116 DEBUG [nose_tracker_2][1][DETECT] - [DETECT] Found valid detection 3/3
2021-10-04 22:03:44,117 DEBUG validityCheck - Tracker Detection [PASSED]
2021-10-04 22:03:44,118 DEBUG [nose_tracker_3][1][DETECT] - [DETECT] Found valid detection 3/3
2021-10-04 22:03:44,160 DEBUG validityCheck - Tracker Detection [PASSED]
2021-10-04 22:03:44,161 DEBUG [eye_corner_tracker_od][1][DETECT] - [DETECT] Found valid detection 3/3
2021-10-04 22:03:44,162 DEBUG validityCheck - Tracker Detection [PASSED]
2021-10-04 22:03:44,163 DEBUG [eye_corner_tracker_os][1][DETECT] - POINT 5. (597.50, 260.00) blockSize = [31, 31]
2021-10-04 22:03:44,165 DEBUG  - No CANDIDATE detections were FOUND.
2021-10-04 22:03:44,166 DEBUG validityCheck - Tracker Detection [PASSED]
2021-10-04 22:03:44,167 DEBUG [eye_pupil_tracker_os][1][DETECT] - POINT 5. (648.03, 257.86) blockSize = [41, 41]
2021-10-04 22:03:44,169 DEBUG validityCheck - Tracker Detection [PASSED]
2021-10-04 22:03:44,169 DEBUG [nose_tracker][1][DETECT] - POINT 5. (483.90, 420.90) blockSize = [111, 111]
2021-10-04 22:03:44,171 DEBUG validityCheck - Tracker Detection [PASSED]
2021-10-04 22:03:44,172 DEBUG [nose_tracker_1][1][DETECT] - POINT 5. (429.70, 394.70) blockSize = [91, 91]
2021-10-04 22:03:44,173 DEBUG validityCheck - Tracker Detection [PASSED]
2021-10-04 22:03:44,174 DEBUG [nose_tracker_2][1][DETECT] - POINT 5. (483.90, 420.90) blockSize = [91, 91]
2021-10-04 22:03:44,176 DEBUG validityCheck - Tracker Detection [PASSED]
2021-10-04 22:03:44,177 DEBUG [nose_tracker_3][1][DETECT] - POINT 5. (513.60, 420.30) blockSize = [91, 91]
2021-10-04 22:03:44,220 DEBUG validityCheck - Tracker Detection [PASSED]
2021-10-04 22:03:44,221 DEBUG [eye_corner_tracker_od][1][DETECT] - POINT 6. (340.30, 210.20) blockSize = [31, 31]
2021-10-04 22:03:44,225 DEBUG [eye_corner_tracker_os][1][KLT_INITIALIZE] - Initialize TRACKING
2021-10-04 22:03:44,226 DEBUG  - No CANDIDATE detections were FOUND.
2021-10-04 22:03:44,230 DEBUG [eye_pupil_tracker_os][1][KLT_INITIALIZE] - Initialize TRACKING
2021-10-04 22:03:44,234 DEBUG [nose_tracker][1][KLT_INITIALIZE] - Initialize TRACKING
2021-10-04 22:03:44,239 DEBUG [nose_tracker_1][1][KLT_INITIALIZE] - Initialize TRACKING
2021-10-04 22:03:44,244 DEBUG [nose_tracker_2][1][KLT_INITIALIZE] - Initialize TRACKING
2021-10-04 22:03:44,249 DEBUG [nose_tracker_3][1][KLT_INITIALIZE] - Initialize TRACKING
2021-10-04 22:03:44,323 DEBUG [eye_corner_tracker_od][1][KLT_INITIALIZE] - Initialize TRACKING
2021-10-04 22:03:44,327 DEBUG [eye_corner_tracker_os][1][KLT_TRACK] - Updating ... (597.300,260.136)
2021-10-04 22:03:44,328 DEBUG  - Validity Check [FAILED] (Empty)
2021-10-04 22:03:44,332 DEBUG [eye_pupil_tracker_os][1][KLT_TRACK] - Updating ... (647.786,257.860)
2021-10-04 22:03:44,337 DEBUG [nose_tracker][1][KLT_TRACK] - Updating ... (483.631,420.912)
2021-10-04 22:03:44,341 DEBUG [nose_tracker_1][1][KLT_TRACK] - Updating ... (429.581,394.749)
2021-10-04 22:03:44,347 DEBUG [nose_tracker_2][1][KLT_TRACK] - Updating ... (483.582,420.948)
2021-10-04 22:03:44,352 DEBUG [nose_tracker_3][1][KLT_TRACK] - Updating ... (513.354,420.271)
2021-10-04 22:03:44,435 DEBUG [eye_corner_tracker_od][1][KLT_TRACK] - Lost TRACKING
2021-10-04 22:03:44,438 DEBUG [eye_corner_tracker_os][1][KLT_TRACK] - Updating ... (597.300,260.136)
2021-10-04 22:03:44,440 DEBUG validityCheck - Tracker Detection [PASSED]
2021-10-04 22:03:44,441 DEBUG [eye_pupil_tracker_od][1][DETECT] - [DETECT] Found valid detection 1/3
2021-10-04 22:03:44,444 DEBUG [eye_pupil_tracker_os][1][KLT_TRACK] - Updating ... (647.569,258.080)
2021-10-04 22:03:44,447 DEBUG [nose_tracker][1][KLT_TRACK] - Updating ... (483.563,420.983)
2021-10-04 22:03:44,451 DEBUG [nose_tracker_1][1][KLT_TRACK] - Updating ... (429.554,394.817)
2021-10-04 22:03:44,454 DEBUG [nose_tracker_2][1][KLT_TRACK] - Updating ... (483.541,420.975)
2021-10-04 22:03:44,457 DEBUG [nose_tracker_3][1][KLT_TRACK] - Updating ... (513.428,420.327)
2021-10-04 22:03:44,528 DEBUG [eye_corner_tracker_od][1][KLT_LOST] - Ending TRACKING
2021-10-04 22:03:44,530 DEBUG validityCheck - Tracker Detection [PASSED]
2021-10-04 22:03:44,531 DEBUG [eye_corner_tracker_od][1][DETECT] - POINT 7. (339.30, 212.30) blockSize = [31, 31]
2021-10-04 22:03:44,534 DEBUG [eye_corner_tracker_os][1][KLT_TRACK] - Updating ... (597.300,260.136)
2021-10-04 22:03:44,536 DEBUG validityCheck - Tracker Detection [PASSED]
2021-10-04 22:03:44,537 DEBUG [eye_pupil_tracker_od][1][DETECT] - [DETECT] Found valid detection 2/3
2021-10-04 22:03:44,540 DEBUG [eye_pupil_tracker_os][1][KLT_TRACK] - Updating ... (647.557,258.327)
2021-10-04 22:03:44,543 DEBUG [nose_tracker][1][KLT_TRACK] - Updating ... (483.520,421.054)
2021-10-04 22:03:44,547 DEBUG [nose_tracker_1][1][KLT_TRACK] - Updating ... (429.533,394.834)
2021-10-04 22:03:44,550 DEBUG [nose_tracker_2][1][KLT_TRACK] - Updating ... (483.533,420.992)
2021-10-04 22:03:44,553 DEBUG [nose_tracker_3][1][KLT_TRACK] - Updating ... (513.435,420.350)
2021-10-04 22:03:44,627 DEBUG [eye_corner_tracker_od][1][KLT_INITIALIZE] - Initialize TRACKING
2021-10-04 22:03:44,630 DEBUG [eye_corner_tracker_os][1][KLT_TRACK] - Updating ... (597.300,260.136)
2021-10-04 22:03:44,634 DEBUG validityCheck - Tracker Detection [FAILED]
2021-10-04 22:03:44,637 DEBUG [eye_pupil_tracker_os][1][KLT_TRACK] - Updating ... (647.550,258.306)
2021-10-04 22:03:44,640 DEBUG [nose_tracker][1][KLT_TRACK] - Updating ... (483.518,421.046)
2021-10-04 22:03:44,643 DEBUG [nose_tracker_1][1][KLT_TRACK] - Updating ... (429.554,394.827)
2021-10-04 22:03:44,647 DEBUG [nose_tracker_2][1][KLT_TRACK] - Updating ... (483.529,420.983)
2021-10-04 22:03:44,650 DEBUG [nose_tracker_3][1][KLT_TRACK] - Updating ... (513.405,420.338)
2021-10-04 22:03:44,715 DEBUG [eye_corner_tracker_od][1][KLT_TRACK] - Lost TRACKING
2021-10-04 22:03:44,719 DEBUG [eye_corner_tracker_os][1][KLT_TRACK] - Updating ... (597.300,260.136)
2021-10-04 22:03:44,720 DEBUG  - No CANDIDATE detections were FOUND.
2021-10-04 22:03:44,723 DEBUG [eye_pupil_tracker_os][1][KLT_TRACK] - Updating ... (647.562,257.819)
2021-10-04 22:03:44,727 DEBUG [nose_tracker][1][KLT_TRACK] - Updating ... (483.589,420.938)
2021-10-04 22:03:44,763 DEBUG [nose_tracker_1][1][KLT_TRACK] - Updating ... (429.533,394.739)
2021-10-04 22:03:44,767 DEBUG [nose_tracker_2][1][KLT_TRACK] - Updating ... (483.543,420.974)
2021-10-04 22:03:44,770 DEBUG [nose_tracker_3][1][KLT_TRACK] - Updating ... (513.392,420.280)
2021-10-04 22:03:44,819 DEBUG [eye_corner_tracker_od][1][KLT_LOST] - Ending TRACKING
2021-10-04 22:03:44,820 DEBUG validityCheck - Tracker Detection [FAILED]
2021-10-04 22:03:44,824 DEBUG [eye_corner_tracker_os][1][KLT_TRACK] - Updating ... (597.362,260.242)
2021-10-04 22:03:44,826 DEBUG  - No CANDIDATE detections were FOUND.
2021-10-04 22:03:44,830 DEBUG [eye_pupil_tracker_os][1][KLT_TRACK] - Updating ... (647.547,258.198)
2021-10-04 22:03:44,833 DEBUG [nose_tracker][1][KLT_TRACK] - Updating ... (483.539,421.352)
2021-10-04 22:03:44,837 DEBUG [nose_tracker_1][1][KLT_TRACK] - Updating ... (429.528,395.094)
2021-10-04 22:03:44,840 DEBUG [nose_tracker_2][1][KLT_TRACK] - Updating ... (483.545,421.343)
2021-10-04 22:03:44,843 DEBUG [nose_tracker_3][1][KLT_TRACK] - Updating ... (513.306,420.828)
2021-10-04 22:03:44,898 DEBUG validityCheck - Tracker Detection [PASSED]
2021-10-04 22:03:44,899 DEBUG [eye_corner_tracker_od][1][DETECT] - [DETECT] Found valid detection 1/3
2021-10-04 22:03:44,902 DEBUG [eye_corner_tracker_os][1][KLT_TRACK] - Updating ... (597.383,260.823)
2021-10-04 22:03:44,904 DEBUG  - No CANDIDATE detections were FOUND.
2021-10-04 22:03:44,907 DEBUG [eye_pupil_tracker_os][1][KLT_TRACK] - Updating ... (647.555,258.576)
2021-10-04 22:03:44,911 DEBUG [nose_tracker][1][KLT_TRACK] - Updating ... (483.514,421.867)
2021-10-04 22:03:44,915 DEBUG [nose_tracker_1][1][KLT_TRACK] - Updating ... (429.507,395.493)
2021-10-04 22:03:44,918 DEBUG [nose_tracker_2][1][KLT_TRACK] - Updating ... (483.557,421.837)
2021-10-04 22:03:44,922 DEBUG [nose_tracker_3][1][KLT_TRACK] - Updating ... (513.191,421.321)
2021-10-04 22:03:44,972 DEBUG validityCheck - Tracker Detection [PASSED]
2021-10-04 22:03:44,973 DEBUG [eye_corner_tracker_od][1][DETECT] - [DETECT] Found valid detection 2/3
2021-10-04 22:03:44,976 DEBUG [eye_corner_tracker_os][1][KLT_TRACK] - Updating ... (597.403,260.814)
2021-10-04 22:03:44,977 DEBUG  - No CANDIDATE detections were FOUND.
2021-10-04 22:03:44,981 DEBUG [eye_pupil_tracker_os][1][KLT_TRACK] - Updating ... (647.771,258.567)
2021-10-04 22:03:44,984 DEBUG [nose_tracker][1][KLT_TRACK] - Updating ... (483.602,421.811)
2021-10-04 22:03:44,988 DEBUG [nose_tracker_1][1][KLT_TRACK] - Updating ... (429.509,395.491)
2021-10-04 22:03:44,991 DEBUG [nose_tracker_2][1][KLT_TRACK] - Updating ... (483.591,421.830)
2021-10-04 22:03:44,994 DEBUG [nose_tracker_3][1][KLT_TRACK] - Updating ... (513.243,421.335)
2021-10-04 22:03:45,057 DEBUG validityCheck - Tracker Detection [PASSED]
2021-10-04 22:03:45,058 DEBUG [eye_corner_tracker_od][1][DETECT] - [DETECT] Found valid detection 3/3
2021-10-04 22:03:45,061 DEBUG [eye_corner_tracker_os][1][KLT_TRACK] - Updating ... (597.787,260.535)
2021-10-04 22:03:45,063 DEBUG validityCheck - Tracker Detection [FAILED]
2021-10-04 22:03:45,066 DEBUG [eye_pupil_tracker_os][1][KLT_TRACK] - Updating ... (648.062,258.330)
2021-10-04 22:03:45,070 DEBUG [nose_tracker][1][KLT_TRACK] - Updating ... (483.822,421.437)
2021-10-04 22:03:45,073 DEBUG [nose_tracker_1][1][KLT_TRACK] - Updating ... (429.736,395.220)
2021-10-04 22:03:45,076 DEBUG [nose_tracker_2][1][KLT_TRACK] - Updating ... (483.746,421.460)
2021-10-04 22:03:45,080 DEBUG [nose_tracker_3][1][KLT_TRACK] - Updating ... (513.654,420.875)
2021-10-04 22:03:45,148 DEBUG validityCheck - Tracker Detection [FAILED]
2021-10-04 22:03:45,151 DEBUG [eye_corner_tracker_os][1][KLT_TRACK] - Updating ... (597.975,260.666)
2021-10-04 22:03:45,153 DEBUG validityCheck - Tracker Detection [PASSED]
2021-10-04 22:03:45,154 DEBUG [eye_pupil_tracker_od][1][DETECT] - [DETECT] Found valid detection 1/3
2021-10-04 22:03:45,157 DEBUG [eye_pupil_tracker_os][1][KLT_TRACK] - Updating ... (648.212,258.537)
2021-10-04 22:03:45,161 DEBUG [nose_tracker][1][KLT_TRACK] - Updating ... (484.006,421.757)
2021-10-04 22:03:45,165 DEBUG [nose_tracker_1][1][KLT_TRACK] - Updating ... (429.891,395.379)
2021-10-04 22:03:45,168 DEBUG [nose_tracker_2][1][KLT_TRACK] - Updating ... (484.067,421.824)
2021-10-04 22:03:45,172 DEBUG [nose_tracker_3][1][KLT_TRACK] - Updating ... (513.769,421.283)
2021-10-04 22:03:45,239 DEBUG validityCheck - Tracker Detection [PASSED]
2021-10-04 22:03:45,240 DEBUG [eye_corner_tracker_od][1][DETECT] - [DETECT] Found valid detection 1/3
2021-10-04 22:03:45,244 DEBUG [eye_corner_tracker_os][1][KLT_TRACK] - Updating ... (598.555,261.151)
2021-10-04 22:03:45,246 DEBUG validityCheck - Tracker Detection [FAILED]
2021-10-04 22:03:45,249 DEBUG [eye_pupil_tracker_os][1][KLT_TRACK] - Updating ... (648.549,259.219)
2021-10-04 22:03:45,253 DEBUG [nose_tracker][1][KLT_TRACK] - Updating ... (484.253,422.212)
2021-10-04 22:03:45,256 DEBUG [nose_tracker_1][1][KLT_TRACK] - Updating ... (430.349,395.846)
2021-10-04 22:03:45,259 DEBUG [nose_tracker_2][1][KLT_TRACK] - Updating ... (484.325,422.193)
2021-10-04 22:03:45,263 DEBUG [nose_tracker_3][1][KLT_TRACK] - Updating ... (514.068,421.672)
2021-10-04 22:03:45,319 DEBUG validityCheck - Tracker Detection [PASSED]
2021-10-04 22:03:45,320 DEBUG [eye_corner_tracker_od][1][DETECT] - [DETECT] Found valid detection 2/3
2021-10-04 22:03:45,323 DEBUG [eye_corner_tracker_os][1][KLT_TRACK] - Updating ... (598.658,261.169)
2021-10-04 22:03:45,325 DEBUG  - No CANDIDATE detections were FOUND.
2021-10-04 22:03:45,328 DEBUG [eye_pupil_tracker_os][1][KLT_TRACK] - Updating ... (648.775,259.220)
2021-10-04 22:03:45,332 DEBUG [nose_tracker][1][KLT_TRACK] - Updating ... (484.340,422.351)
2021-10-04 22:03:45,335 DEBUG [nose_tracker_1][1][KLT_TRACK] - Updating ... (430.401,396.036)
2021-10-04 22:03:45,339 DEBUG [nose_tracker_2][1][KLT_TRACK] - Updating ... (484.399,422.277)
2021-10-04 22:03:45,342 DEBUG [nose_tracker_3][1][KLT_TRACK] - Updating ... (514.293,421.778)
2021-10-04 22:03:45,406 DEBUG validityCheck - Tracker Detection [FAILED]
2021-10-04 22:03:45,410 DEBUG [eye_corner_tracker_os][1][KLT_TRACK] - Updating ... (598.666,261.221)
2021-10-04 22:03:45,411 DEBUG  - No CANDIDATE detections were FOUND.
2021-10-04 22:03:45,415 DEBUG [eye_pupil_tracker_os][1][KLT_TRACK] - Updating ... (648.943,259.045)
2021-10-04 22:03:45,418 DEBUG [nose_tracker][1][KLT_TRACK] - Updating ... (484.599,422.192)
2021-10-04 22:03:45,422 DEBUG [nose_tracker_1][1][KLT_TRACK] - Updating ... (430.498,395.726)
2021-10-04 22:03:45,425 DEBUG [nose_tracker_2][1][KLT_TRACK] - Updating ... (484.596,422.174)
2021-10-04 22:03:45,429 DEBUG [nose_tracker_3][1][KLT_TRACK] - Updating ... (514.573,421.671)
2021-10-04 22:03:45,491 DEBUG validityCheck - Tracker Detection [PASSED]
2021-10-04 22:03:45,492 DEBUG [eye_corner_tracker_od][1][DETECT] - [DETECT] Found valid detection 1/3
2021-10-04 22:03:45,496 DEBUG [eye_corner_tracker_os][1][KLT_TRACK] - Updating ... (598.667,261.213)
2021-10-04 22:03:45,497 DEBUG  - No CANDIDATE detections were FOUND.
2021-10-04 22:03:45,500 DEBUG [eye_pupil_tracker_os][1][KLT_TRACK] - Updating ... (648.943,259.042)
2021-10-04 22:03:45,504 DEBUG [nose_tracker][1][KLT_TRACK] - Updating ... (484.598,422.192)
2021-10-04 22:03:45,507 DEBUG [nose_tracker_1][1][KLT_TRACK] - Updating ... (430.509,395.783)
2021-10-04 22:03:45,511 DEBUG [nose_tracker_2][1][KLT_TRACK] - Updating ... (484.601,422.174)
2021-10-04 22:03:45,515 DEBUG [nose_tracker_3][1][KLT_TRACK] - Updating ... (514.667,421.685)
2021-10-04 22:03:45,577 DEBUG validityCheck - Tracker Detection [PASSED]
2021-10-04 22:03:45,578 DEBUG [eye_corner_tracker_od][1][DETECT] - [DETECT] Found valid detection 2/3
2021-10-04 22:03:45,581 DEBUG [eye_corner_tracker_os][1][KLT_TRACK] - Updating ... (598.667,261.213)
2021-10-04 22:03:45,583 DEBUG  - No CANDIDATE detections were FOUND.
2021-10-04 22:03:45,586 DEBUG [eye_pupil_tracker_os][1][KLT_TRACK] - Updating ... (649.065,259.115)
2021-10-04 22:03:45,590 DEBUG [nose_tracker][1][KLT_TRACK] - Updating ... (484.618,422.184)
2021-10-04 22:03:45,593 DEBUG [nose_tracker_1][1][KLT_TRACK] - Updating ... (430.524,395.770)
2021-10-04 22:03:45,597 DEBUG [nose_tracker_2][1][KLT_TRACK] - Updating ... (484.612,422.164)
2021-10-04 22:03:45,600 DEBUG [nose_tracker_3][1][KLT_TRACK] - Updating ... (514.828,421.648)
2021-10-04 22:03:45,668 DEBUG validityCheck - Tracker Detection [PASSED]
2021-10-04 22:03:45,669 DEBUG [eye_corner_tracker_od][1][DETECT] - [DETECT] Found valid detection 3/3
2021-10-04 22:03:45,672 DEBUG [eye_corner_tracker_os][1][KLT_TRACK] - Updating ... (598.667,261.213)
2021-10-04 22:03:45,674 DEBUG validityCheck - Tracker Detection [FAILED]
2021-10-04 22:03:45,677 DEBUG [eye_pupil_tracker_os][1][KLT_TRACK] - Updating ... (649.183,259.435)
2021-10-04 22:03:45,681 DEBUG [nose_tracker][1][KLT_TRACK] - Updating ... (484.698,422.364)
2021-10-04 22:03:45,684 DEBUG [nose_tracker_1][1][KLT_TRACK] - Updating ... (430.535,395.923)
2021-10-04 22:03:45,688 DEBUG [nose_tracker_2][1][KLT_TRACK] - Updating ... (484.664,422.347)
2021-10-04 22:03:45,691 DEBUG [nose_tracker_3][1][KLT_TRACK] - Updating ... (514.867,421.768)
2021-10-04 22:03:45,754 DEBUG validityCheck - Tracker Detection [PASSED]
2021-10-04 22:03:45,755 DEBUG [eye_corner_tracker_od][1][DETECT] - POINT 19. (332.70, 213.40) blockSize = [31, 31]
2021-10-04 22:03:45,758 DEBUG [eye_corner_tracker_os][1][KLT_TRACK] - Updating ... (598.667,261.221)
2021-10-04 22:03:45,760 DEBUG  - No CANDIDATE detections were FOUND.
2021-10-04 22:03:45,763 DEBUG [eye_pupil_tracker_os][1][KLT_TRACK] - Updating ... (649.186,259.206)
2021-10-04 22:03:45,767 DEBUG [nose_tracker][1][KLT_TRACK] - Updating ... (484.650,422.163)
2021-10-04 22:03:45,771 DEBUG [nose_tracker_1][1][KLT_TRACK] - Updating ... (430.555,395.703)
2021-10-04 22:03:45,774 DEBUG [nose_tracker_2][1][KLT_TRACK] - Updating ... (484.639,422.137)
2021-10-04 22:03:45,778 DEBUG [nose_tracker_3][1][KLT_TRACK] - Updating ... (514.898,421.626)
2021-10-04 22:03:45,844 DEBUG [eye_corner_tracker_od][1][KLT_INITIALIZE] - Initialize TRACKING
2021-10-04 22:03:45,848 DEBUG [eye_corner_tracker_os][1][KLT_TRACK] - Updating ... (598.718,261.210)
2021-10-04 22:03:45,849 DEBUG  - No CANDIDATE detections were FOUND.
2021-10-04 22:03:45,852 DEBUG [eye_pupil_tracker_os][1][KLT_TRACK] - Updating ... (649.101,258.838)
2021-10-04 22:03:45,856 DEBUG [nose_tracker][1][KLT_TRACK] - Updating ... (484.547,422.103)
2021-10-04 22:03:45,859 DEBUG [nose_tracker_1][1][KLT_TRACK] - Updating ... (430.479,395.706)
2021-10-04 22:03:45,863 DEBUG [nose_tracker_2][1][KLT_TRACK] - Updating ... (484.542,422.095)
2021-10-04 22:03:45,866 DEBUG [nose_tracker_3][1][KLT_TRACK] - Updating ... (514.828,421.594)
2021-10-04 22:03:45,938 DEBUG [eye_corner_tracker_od][1][KLT_TRACK] - Lost TRACKING
2021-10-04 22:03:45,942 DEBUG [eye_corner_tracker_os][1][KLT_TRACK] - Updating ... (598.695,261.241)
2021-10-04 22:03:45,943 DEBUG  - No CANDIDATE detections were FOUND.
2021-10-04 22:03:45,946 DEBUG [eye_pupil_tracker_os][1][KLT_TRACK] - Updating ... (648.999,258.971)
2021-10-04 22:03:45,950 DEBUG [nose_tracker][1][KLT_TRACK] - Updating ... (484.516,422.088)
2021-10-04 22:03:45,953 DEBUG [nose_tracker_1][1][KLT_TRACK] - Updating ... (430.466,395.680)
2021-10-04 22:03:45,957 DEBUG [nose_tracker_2][1][KLT_TRACK] - Updating ... (484.543,422.124)
2021-10-04 22:03:45,961 DEBUG [nose_tracker_3][1][KLT_TRACK] - Updating ... (514.816,421.616)
2021-10-04 22:03:46,029 DEBUG [eye_corner_tracker_od][1][KLT_LOST] - Ending TRACKING
2021-10-04 22:03:46,030 DEBUG validityCheck - Tracker Detection [PASSED]
2021-10-04 22:03:46,031 DEBUG [eye_corner_tracker_od][1][DETECT] - POINT 20. (333.10, 210.80) blockSize = [31, 31]
2021-10-04 22:03:46,034 DEBUG [eye_corner_tracker_os][1][KLT_TRACK] - Updating ... (598.621,261.076)
2021-10-04 22:03:46,036 DEBUG validityCheck - Tracker Detection [FAILED]
2021-10-04 22:03:46,039 DEBUG [eye_pupil_tracker_os][1][KLT_TRACK] - Updating ... (648.736,259.227)
2021-10-04 22:03:46,043 DEBUG [nose_tracker][1][KLT_TRACK] - Updating ... (484.541,422.156)
2021-10-04 22:03:46,046 DEBUG [nose_tracker_1][1][KLT_TRACK] - Updating ... (430.420,395.718)
2021-10-04 22:03:46,050 DEBUG [nose_tracker_2][1][KLT_TRACK] - Updating ... (484.547,422.178)
2021-10-04 22:03:46,053 DEBUG [nose_tracker_3][1][KLT_TRACK] - Updating ... (514.698,421.629)
2021-10-04 22:03:46,112 DEBUG [eye_corner_tracker_od][1][KLT_INITIALIZE] - Initialize TRACKING
2021-10-04 22:03:46,115 DEBUG [eye_corner_tracker_os][1][KLT_TRACK] - Updating ... (598.317,260.975)
2021-10-04 22:03:46,117 DEBUG  - No CANDIDATE detections were FOUND.
2021-10-04 22:03:46,120 DEBUG [eye_pupil_tracker_os][1][KLT_TRACK] - Updating ... (648.503,258.732)
2021-10-04 22:03:46,124 DEBUG [nose_tracker][1][KLT_TRACK] - Updating ... (484.178,421.788)
2021-10-04 22:03:46,127 DEBUG [nose_tracker_1][1][KLT_TRACK] - Updating ... (430.060,395.453)
2021-10-04 22:03:46,130 DEBUG [nose_tracker_2][1][KLT_TRACK] - Updating ... (484.227,421.795)
2021-10-04 22:03:46,134 DEBUG [nose_tracker_3][1][KLT_TRACK] - Updating ... (514.489,421.177)
2021-10-04 22:03:46,209 DEBUG [eye_corner_tracker_od][1][KLT_TRACK] - Lost TRACKING
2021-10-04 22:03:46,213 DEBUG [eye_corner_tracker_os][1][KLT_TRACK] - Updating ... (598.441,261.087)
2021-10-04 22:03:46,214 DEBUG validityCheck - Tracker Detection [PASSED]
2021-10-04 22:03:46,215 DEBUG [eye_pupil_tracker_od][1][DETECT] - [DETECT] Found valid detection 1/3
2021-10-04 22:03:46,218 DEBUG [eye_pupil_tracker_os][1][KLT_TRACK] - Updating ... (648.430,258.705)
2021-10-04 22:03:46,222 DEBUG [nose_tracker][1][KLT_TRACK] - Updating ... (484.214,421.869)
2021-10-04 22:03:46,225 DEBUG [nose_tracker_1][1][KLT_TRACK] - Updating ... (429.990,395.485)
2021-10-04 22:03:46,228 DEBUG [nose_tracker_2][1][KLT_TRACK] - Updating ... (484.258,421.867)
2021-10-04 22:03:46,232 DEBUG [nose_tracker_3][1][KLT_TRACK] - Updating ... (514.508,421.272)
2021-10-04 22:03:46,296 DEBUG [eye_corner_tracker_od][1][KLT_LOST] - Ending TRACKING
2021-10-04 22:03:46,297 DEBUG validityCheck - Tracker Detection [FAILED]
2021-10-04 22:03:46,300 DEBUG [eye_corner_tracker_os][1][KLT_TRACK] - Updating ... (598.453,261.588)
2021-10-04 22:03:46,302 DEBUG validityCheck - Tracker Detection [FAILED]
2021-10-04 22:03:46,305 DEBUG [eye_pupil_tracker_os][1][KLT_TRACK] - Updating ... (648.667,259.251)
2021-10-04 22:03:46,308 DEBUG [nose_tracker][1][KLT_TRACK] - Updating ... (484.281,422.276)
2021-10-04 22:03:46,312 DEBUG [nose_tracker_1][1][KLT_TRACK] - Updating ... (430.033,395.857)
2021-10-04 22:03:46,315 DEBUG [nose_tracker_2][1][KLT_TRACK] - Updating ... (484.357,422.348)
2021-10-04 22:03:46,319 DEBUG [nose_tracker_3][1][KLT_TRACK] - Updating ... (514.502,421.807)
2021-10-04 22:03:46,383 DEBUG validityCheck - Tracker Detection [PASSED]
2021-10-04 22:03:46,384 DEBUG [eye_corner_tracker_od][1][DETECT] - [DETECT] Found valid detection 1/3
2021-10-04 22:03:46,387 DEBUG [eye_corner_tracker_os][1][KLT_TRACK] - Updating ... (598.469,261.602)
2021-10-04 22:03:46,389 DEBUG validityCheck - Tracker Detection [PASSED]
2021-10-04 22:03:46,390 DEBUG [eye_pupil_tracker_od][1][DETECT] - [DETECT] Found valid detection 1/3
2021-10-04 22:03:46,393 DEBUG [eye_pupil_tracker_os][1][KLT_TRACK] - Updating ... (648.669,259.503)
2021-10-04 22:03:46,396 DEBUG [nose_tracker][1][KLT_TRACK] - Updating ... (484.349,422.449)
2021-10-04 22:03:46,400 DEBUG [nose_tracker_1][1][KLT_TRACK] - Updating ... (430.086,396.072)
2021-10-04 22:03:46,403 DEBUG [nose_tracker_2][1][KLT_TRACK] - Updating ... (484.357,422.451)
2021-10-04 22:03:46,407 DEBUG [nose_tracker_3][1][KLT_TRACK] - Updating ... (514.518,421.886)
2021-10-04 22:03:46,470 DEBUG validityCheck - Tracker Detection [FAILED]
2021-10-04 22:03:46,473 DEBUG [eye_corner_tracker_os][1][KLT_TRACK] - Updating ... (598.439,261.643)
2021-10-04 22:03:46,475 DEBUG validityCheck - Tracker Detection [PASSED]
2021-10-04 22:03:46,476 DEBUG [eye_pupil_tracker_od][1][DETECT] - [DETECT] Found valid detection 2/3
2021-10-04 22:03:46,479 DEBUG [eye_pupil_tracker_os][1][KLT_TRACK] - Updating ... (648.675,259.491)
2021-10-04 22:03:46,482 DEBUG [nose_tracker][1][KLT_TRACK] - Updating ... (484.239,422.425)
2021-10-04 22:03:46,486 DEBUG [nose_tracker_1][1][KLT_TRACK] - Updating ... (430.038,395.981)
2021-10-04 22:03:46,489 DEBUG [nose_tracker_2][1][KLT_TRACK] - Updating ... (484.333,422.464)
2021-10-04 22:03:46,493 DEBUG [nose_tracker_3][1][KLT_TRACK] - Updating ... (514.611,421.859)
2021-10-04 22:03:46,562 DEBUG validityCheck - Tracker Detection [FAILED]
2021-10-04 22:03:46,565 DEBUG [eye_corner_tracker_os][1][KLT_TRACK] - Updating ... (598.451,261.438)
2021-10-04 22:03:46,567 DEBUG validityCheck - Tracker Detection [FAILED]
2021-10-04 22:03:46,570 DEBUG [eye_pupil_tracker_os][1][KLT_TRACK] - Updating ... (648.434,259.454)
2021-10-04 22:03:46,574 DEBUG [nose_tracker][1][KLT_TRACK] - Updating ... (484.202,422.330)
2021-10-04 22:03:46,577 DEBUG [nose_tracker_1][1][KLT_TRACK] - Updating ... (429.846,395.941)
2021-10-04 22:03:46,580 DEBUG [nose_tracker_2][1][KLT_TRACK] - Updating ... (484.245,422.390)
2021-10-04 22:03:46,583 DEBUG [nose_tracker_3][1][KLT_TRACK] - Updating ... (514.369,421.742)
2021-10-04 22:03:46,653 DEBUG validityCheck - Tracker Detection [FAILED]
2021-10-04 22:03:46,656 DEBUG [eye_corner_tracker_os][1][KLT_TRACK] - Updating ... (598.344,261.408)
2021-10-04 22:03:46,658 DEBUG validityCheck - Tracker Detection [FAILED]
2021-10-04 22:03:46,661 DEBUG [eye_pupil_tracker_os][1][KLT_TRACK] - Updating ... (648.207,259.475)
2021-10-04 22:03:46,665 DEBUG [nose_tracker][1][KLT_TRACK] - Updating ... (484.163,422.308)
2021-10-04 22:03:46,669 DEBUG [nose_tracker_1][1][KLT_TRACK] - Updating ... (429.746,395.895)
2021-10-04 22:03:46,673 DEBUG [nose_tracker_2][1][KLT_TRACK] - Updating ... (484.218,422.377)
2021-10-04 22:03:46,676 DEBUG [nose_tracker_3][1][KLT_TRACK] - Updating ... (514.344,421.726)
2021-10-04 22:03:46,750 DEBUG validityCheck - Tracker Detection [FAILED]
2021-10-04 22:03:46,753 DEBUG [eye_corner_tracker_os][1][KLT_TRACK] - Updating ... (598.295,261.392)
2021-10-04 22:03:46,755 DEBUG validityCheck - Tracker Detection [PASSED]
2021-10-04 22:03:46,756 DEBUG [eye_pupil_tracker_od][1][DETECT] - [DETECT] Found valid detection 1/3
2021-10-04 22:03:46,759 DEBUG [eye_pupil_tracker_os][1][KLT_TRACK] - Updating ... (648.176,259.466)
2021-10-04 22:03:46,762 DEBUG [nose_tracker][1][KLT_TRACK] - Updating ... (484.136,422.314)
2021-10-04 22:03:46,766 DEBUG [nose_tracker_1][1][KLT_TRACK] - Updating ... (429.683,395.857)
2021-10-04 22:03:46,769 DEBUG [nose_tracker_2][1][KLT_TRACK] - Updating ... (484.188,422.366)
2021-10-04 22:03:46,773 DEBUG [nose_tracker_3][1][KLT_TRACK] - Updating ... (514.274,421.718)
2021-10-04 22:03:46,830 DEBUG validityCheck - Tracker Detection [FAILED]
2021-10-04 22:03:46,834 DEBUG [eye_corner_tracker_os][1][KLT_TRACK] - Updating ... (597.999,261.358)
2021-10-04 22:03:46,835 DEBUG  - No CANDIDATE detections were FOUND.
2021-10-04 22:03:46,836 DEBUG [eye_pupil_tracker_od][1][DETECT] - Maximum FAILURE limit reached 20
2021-10-04 22:03:46,839 DEBUG [eye_pupil_tracker_os][1][KLT_TRACK] - Updating ... (647.939,259.021)
2021-10-04 22:03:46,843 DEBUG [nose_tracker][1][KLT_TRACK] - Updating ... (483.847,422.018)
2021-10-04 22:03:46,846 DEBUG [nose_tracker_1][1][KLT_TRACK] - Updating ... (429.592,395.690)
2021-10-04 22:03:46,850 DEBUG [nose_tracker_2][1][KLT_TRACK] - Updating ... (483.851,421.985)
2021-10-04 22:03:46,853 DEBUG [nose_tracker_3][1][KLT_TRACK] - Updating ... (514.139,421.350)
2021-10-04 22:03:46,911 DEBUG validityCheck - Tracker Detection [FAILED]
2021-10-04 22:03:46,915 DEBUG [eye_corner_tracker_os][1][KLT_TRACK] - Updating ... (598.000,261.357)
2021-10-04 22:03:46,917 DEBUG [eye_pupil_tracker_od][1][HOLD] - Holding cycles 0
2021-10-04 22:03:46,920 DEBUG [eye_pupil_tracker_os][1][KLT_TRACK] - Updating ... (647.682,259.033)
2021-10-04 22:03:46,924 DEBUG [nose_tracker][1][KLT_TRACK] - Updating ... (483.847,421.974)
2021-10-04 22:03:46,927 DEBUG [nose_tracker_1][1][KLT_TRACK] - Updating ... (429.549,395.590)
2021-10-04 22:03:46,930 DEBUG [nose_tracker_2][1][KLT_TRACK] - Updating ... (483.870,421.950)
2021-10-04 22:03:46,934 DEBUG [nose_tracker_3][1][KLT_TRACK] - Updating ... (514.101,421.360)
