2021-10-31 14:15:57,711 INFO  - Init DETECTOR ... blink_detector (detectBlinkWithOpenFace)
2021-10-31 14:15:57,712 INFO  - Init DETECTOR ... nose_tip_detector (detectNoseTipWithOpenFace)
2021-10-31 14:15:57,713 INFO  - Init DETECTOR ... eye_region_detector_os (detectEyeRegionWithOpenFace)
2021-10-31 14:15:57,714 INFO  - Init DETECTOR ... eye_region_detector_od (detectEyeRegionWithOpenFace)
2021-10-31 14:15:57,715 INFO  - Init DETECTOR ... eye_pupil_detector_os (detectDarkPupilWithOpenFace)
2021-10-31 14:15:57,716 INFO  - Init DETECTOR ... eye_pupil_detector_od (detectDarkPupilWithOpenFace)
2021-10-31 14:15:57,717 INFO  - Init DETECTOR ... eye_corner_os_inner (detectEyeCornerWithOpenFace)
2021-10-31 14:15:57,718 INFO  - Init DETECTOR ... eye_corner_od_outer (detectEyeCornerWithOpenFace)
2021-10-31 14:15:57,719 INFO  - Init DETECTOR ... nose_point_1 (detectLandmarkWithOpenFace)
2021-10-31 14:15:57,720 INFO  - Init DETECTOR ... nose_point_2 (detectLandmarkWithOpenFace)
2021-10-31 14:15:57,721 INFO  - Init DETECTOR ... nose_point_3 (detectLandmarkWithOpenFace)
2021-10-31 14:15:57,722 INFO  - Init TRACKER ... NoseTipTracker (3) with detector "nose_tip_detector".
2021-10-31 14:15:57,723 INFO  - Init TRACKER ... EyeCornerTracker (6) with detector "eye_corner_os_inner".
2021-10-31 14:15:57,724 INFO  - Init TRACKER ... EyeCornerTracker (7) with detector "eye_corner_od_outer".
2021-10-31 14:15:57,725 INFO  - Init TRACKER ... EyePupilTracker (4) with detector "eye_pupil_detector_os".
2021-10-31 14:15:57,726 INFO  - Init TRACKER ... EyePupilTracker (5) with detector "eye_pupil_detector_od".
2021-10-31 14:15:57,727 INFO  - Init TRACKER ... SinglePointTracker (8) with detector "nose_point_1".
2021-10-31 14:15:57,728 INFO  - Init TRACKER ... SinglePointTracker (9) with detector "nose_point_2".
2021-10-31 14:15:57,729 INFO  - Init TRACKER ... SinglePointTracker (10) with detector "nose_point_3".
2021-10-31 14:15:57,730 INFO  - Init CALCULATOR ... nose_baseline "NoseBaseLineEstimator".
2021-10-31 14:15:57,731 INFO  - Init CALCULATOR ... nose_tipXY "TrackerConnector".
2021-10-31 14:15:57,732 INFO  - Init CALCULATOR ... rawPupilXY_OS "DetectorConnector".
2021-10-31 14:15:57,733 INFO  - Init CALCULATOR ... rawPupilXY_OD "DetectorConnector".
2021-10-31 14:15:57,734 INFO  - Init CALCULATOR ... SubNose_OS "TrackerSubtractor".
2021-10-31 14:15:57,735 INFO  - Init CALCULATOR ... SubNose_OD "TrackerSubtractor".
2021-10-31 14:15:57,736 INFO  - Init CALCULATOR ... EyeCornerODLeft "TrackerConnector".
2021-10-31 14:15:57,737 INFO  - Init CALCULATOR ... EyeCornerOSLeft "TrackerConnector".
2021-10-31 14:15:57,738 INFO  - Init CALCULATOR ... SubEyeCorner_OS "TrackerSubtractor".
2021-10-31 14:15:57,739 INFO  - Init CALCULATOR ... SubEyeCorner_OD "TrackerSubtractor".
2021-10-31 14:15:57,740 INFO  - Init CALCULATOR ... ProjectorOS "ProjectorToBaseLine".
2021-10-31 14:15:57,741 INFO  - Init CALCULATOR ... ProjectorOD "ProjectorToBaseLine".
2021-10-31 14:15:57,742 INFO  - Init CALCULATOR ... Limbus_OS "EdgeDetector".
2021-10-31 14:15:57,743 INFO  - Init CALCULATOR ... Limbus_OD "EdgeDetector".
2021-10-31 14:15:57,744 INFO  - Init CALCULATOR ... LimbusOSfromNose "CalculatorSubtractor".
2021-10-31 14:15:57,746 INFO  - Init CALCULATOR ... LimbusODfromNose "CalculatorSubtractor".
2021-10-31 14:15:57,747 INFO  - Init CALCULATOR ... LimbusOSfromEyeCnr "CalculatorSubtractor".
2021-10-31 14:15:57,748 INFO  - Init CALCULATOR ... LimbusODfromEyeCnr "CalculatorSubtractor".
2021-10-31 14:15:58,089 INFO  - opening video  ... /Volumes/BLUR/DATA/ARANGA/VIDEO/DAY1/tneu/video.converted/result/clip-7-trial-1-7-animation/video.mp4
2021-10-31 14:15:58,090 INFO  - opening file   ... /Volumes/BLUR/DATA/ARANGA/VIDEO/DAY1/tneu/video.converted/result/clip-7-trial-1-7-animation/results.csv
2021-10-31 14:15:58,100 DEBUG [eye_corner_tracker_od][1][IDLE] - Intializing
2021-10-31 14:15:58,112 DEBUG [eye_corner_tracker_od][1][IDLE] - Setting to DETECT
2021-10-31 14:15:58,114 DEBUG [eye_corner_tracker_os][1][IDLE] - Intializing
2021-10-31 14:15:58,115 DEBUG [eye_corner_tracker_os][1][IDLE] - Setting to DETECT
2021-10-31 14:15:58,116 DEBUG [eye_pupil_tracker_od][1][IDLE] - Intializing
2021-10-31 14:15:58,117 DEBUG [eye_pupil_tracker_od][1][IDLE] - Setting to DETECT
2021-10-31 14:15:58,118 DEBUG [eye_pupil_tracker_os][1][IDLE] - Intializing
2021-10-31 14:15:58,119 DEBUG [eye_pupil_tracker_os][1][IDLE] - Setting to DETECT
2021-10-31 14:15:58,120 DEBUG [nose_tracker][1][IDLE] - Intializing
2021-10-31 14:15:58,121 DEBUG [nose_tracker][1][IDLE] - Setting to DETECT
2021-10-31 14:15:58,122 DEBUG [nose_tracker_1][1][IDLE] - Intializing
2021-10-31 14:15:58,122 DEBUG [nose_tracker_1][1][IDLE] - Setting to DETECT
2021-10-31 14:15:58,124 DEBUG [nose_tracker_2][1][IDLE] - Intializing
2021-10-31 14:15:58,124 DEBUG [nose_tracker_2][1][IDLE] - Setting to DETECT
2021-10-31 14:15:58,126 DEBUG [nose_tracker_3][1][IDLE] - Intializing
2021-10-31 14:15:58,126 DEBUG [nose_tracker_3][1][IDLE] - Setting to DETECT
2021-10-31 14:15:58,178 DEBUG  - No CANDIDATE detections were FOUND.
2021-10-31 14:15:58,180 DEBUG  - No CANDIDATE detections were FOUND.
2021-10-31 14:15:58,181 DEBUG  - No CANDIDATE detections were FOUND.
2021-10-31 14:15:58,183 DEBUG  - No CANDIDATE detections were FOUND.
2021-10-31 14:15:58,184 DEBUG  - No CANDIDATE detections were FOUND.
2021-10-31 14:15:58,185 DEBUG  - No CANDIDATE detections were FOUND.
2021-10-31 14:15:58,187 DEBUG  - No CANDIDATE detections were FOUND.
2021-10-31 14:15:58,188 DEBUG  - No CANDIDATE detections were FOUND.
2021-10-31 14:15:58,252 DEBUG  - No CANDIDATE detections were FOUND.
2021-10-31 14:15:58,255 DEBUG  - No CANDIDATE detections were FOUND.
2021-10-31 14:15:58,257 DEBUG  - No CANDIDATE detections were FOUND.
2021-10-31 14:15:58,259 DEBUG  - No CANDIDATE detections were FOUND.
2021-10-31 14:15:58,260 DEBUG  - No CANDIDATE detections were FOUND.
2021-10-31 14:15:58,262 DEBUG  - No CANDIDATE detections were FOUND.
2021-10-31 14:15:58,264 DEBUG  - No CANDIDATE detections were FOUND.
2021-10-31 14:15:58,265 DEBUG  - No CANDIDATE detections were FOUND.
2021-10-31 14:15:58,292 DEBUG  - No CANDIDATE detections were FOUND.
2021-10-31 14:15:58,293 DEBUG  - No CANDIDATE detections were FOUND.
2021-10-31 14:15:58,295 DEBUG  - No CANDIDATE detections were FOUND.
2021-10-31 14:15:58,297 DEBUG  - No CANDIDATE detections were FOUND.
2021-10-31 14:15:58,298 DEBUG  - No CANDIDATE detections were FOUND.
2021-10-31 14:15:58,300 DEBUG  - No CANDIDATE detections were FOUND.
2021-10-31 14:15:58,302 DEBUG  - No CANDIDATE detections were FOUND.
2021-10-31 14:15:58,303 DEBUG  - No CANDIDATE detections were FOUND.
2021-10-31 14:15:58,324 DEBUG  - No CANDIDATE detections were FOUND.
2021-10-31 14:15:58,334 DEBUG  - No CANDIDATE detections were FOUND.
2021-10-31 14:15:58,336 DEBUG  - No CANDIDATE detections were FOUND.
2021-10-31 14:15:58,337 DEBUG  - No CANDIDATE detections were FOUND.
2021-10-31 14:15:58,339 DEBUG  - No CANDIDATE detections were FOUND.
2021-10-31 14:15:58,341 DEBUG  - No CANDIDATE detections were FOUND.
2021-10-31 14:15:58,342 DEBUG  - No CANDIDATE detections were FOUND.
2021-10-31 14:15:58,344 DEBUG  - No CANDIDATE detections were FOUND.
2021-10-31 14:15:58,365 DEBUG  - No CANDIDATE detections were FOUND.
2021-10-31 14:15:58,378 DEBUG  - No CANDIDATE detections were FOUND.
2021-10-31 14:15:58,379 DEBUG  - No CANDIDATE detections were FOUND.
2021-10-31 14:15:58,381 DEBUG  - No CANDIDATE detections were FOUND.
2021-10-31 14:15:58,382 DEBUG  - No CANDIDATE detections were FOUND.
2021-10-31 14:15:58,383 DEBUG  - No CANDIDATE detections were FOUND.
2021-10-31 14:15:58,385 DEBUG  - No CANDIDATE detections were FOUND.
2021-10-31 14:15:58,386 DEBUG  - No CANDIDATE detections were FOUND.
2021-10-31 14:15:58,406 DEBUG  - No CANDIDATE detections were FOUND.
2021-10-31 14:15:58,408 DEBUG  - No CANDIDATE detections were FOUND.
2021-10-31 14:15:58,410 DEBUG  - No CANDIDATE detections were FOUND.
2021-10-31 14:15:58,411 DEBUG  - No CANDIDATE detections were FOUND.
2021-10-31 14:15:58,413 DEBUG  - No CANDIDATE detections were FOUND.
2021-10-31 14:15:58,414 DEBUG  - No CANDIDATE detections were FOUND.
2021-10-31 14:15:58,415 DEBUG  - No CANDIDATE detections were FOUND.
2021-10-31 14:15:58,417 DEBUG  - No CANDIDATE detections were FOUND.
2021-10-31 14:15:58,437 DEBUG  - No CANDIDATE detections were FOUND.
2021-10-31 14:15:58,438 DEBUG  - No CANDIDATE detections were FOUND.
2021-10-31 14:15:58,440 DEBUG  - No CANDIDATE detections were FOUND.
2021-10-31 14:15:58,441 DEBUG  - No CANDIDATE detections were FOUND.
2021-10-31 14:15:58,443 DEBUG  - No CANDIDATE detections were FOUND.
2021-10-31 14:15:58,444 DEBUG  - No CANDIDATE detections were FOUND.
2021-10-31 14:15:58,445 DEBUG  - No CANDIDATE detections were FOUND.
2021-10-31 14:15:58,446 DEBUG  - No CANDIDATE detections were FOUND.
2021-10-31 14:15:58,467 DEBUG  - No CANDIDATE detections were FOUND.
2021-10-31 14:15:58,468 DEBUG  - No CANDIDATE detections were FOUND.
2021-10-31 14:15:58,470 DEBUG  - No CANDIDATE detections were FOUND.
2021-10-31 14:15:58,471 DEBUG  - No CANDIDATE detections were FOUND.
2021-10-31 14:15:58,472 DEBUG  - No CANDIDATE detections were FOUND.
2021-10-31 14:15:58,474 DEBUG  - No CANDIDATE detections were FOUND.
2021-10-31 14:15:58,475 DEBUG  - No CANDIDATE detections were FOUND.
2021-10-31 14:15:58,476 DEBUG  - No CANDIDATE detections were FOUND.
2021-10-31 14:15:58,496 DEBUG  - No CANDIDATE detections were FOUND.
2021-10-31 14:15:58,500 DEBUG  - No CANDIDATE detections were FOUND.
2021-10-31 14:15:58,501 DEBUG  - No CANDIDATE detections were FOUND.
2021-10-31 14:15:58,502 DEBUG  - No CANDIDATE detections were FOUND.
2021-10-31 14:15:58,504 DEBUG  - No CANDIDATE detections were FOUND.
2021-10-31 14:15:58,505 DEBUG  - No CANDIDATE detections were FOUND.
2021-10-31 14:15:58,507 DEBUG  - No CANDIDATE detections were FOUND.
2021-10-31 14:15:58,508 DEBUG  - No CANDIDATE detections were FOUND.
2021-10-31 14:15:58,528 DEBUG  - No CANDIDATE detections were FOUND.
2021-10-31 14:15:58,530 DEBUG  - No CANDIDATE detections were FOUND.
2021-10-31 14:15:58,531 DEBUG  - No CANDIDATE detections were FOUND.
2021-10-31 14:15:58,532 DEBUG  - No CANDIDATE detections were FOUND.
2021-10-31 14:15:58,534 DEBUG  - No CANDIDATE detections were FOUND.
2021-10-31 14:15:58,535 DEBUG  - No CANDIDATE detections were FOUND.
2021-10-31 14:15:58,537 DEBUG  - No CANDIDATE detections were FOUND.
2021-10-31 14:15:58,538 DEBUG  - No CANDIDATE detections were FOUND.
2021-10-31 14:15:58,558 DEBUG  - No CANDIDATE detections were FOUND.
2021-10-31 14:15:58,559 DEBUG  - No CANDIDATE detections were FOUND.
2021-10-31 14:15:58,561 DEBUG  - No CANDIDATE detections were FOUND.
2021-10-31 14:15:58,562 DEBUG  - No CANDIDATE detections were FOUND.
2021-10-31 14:15:58,564 DEBUG  - No CANDIDATE detections were FOUND.
2021-10-31 14:15:58,565 DEBUG  - No CANDIDATE detections were FOUND.
2021-10-31 14:15:58,566 DEBUG  - No CANDIDATE detections were FOUND.
2021-10-31 14:15:58,568 DEBUG  - No CANDIDATE detections were FOUND.
2021-10-31 14:15:58,637 DEBUG  - Validity Check [FAILED] (Empty)
2021-10-31 14:15:58,638 DEBUG  - Validity Check [FAILED] (Empty)
2021-10-31 14:15:58,639 DEBUG  - Validity Check [FAILED] (Empty)
2021-10-31 14:15:58,641 DEBUG  - Validity Check [FAILED] (Empty)
2021-10-31 14:15:58,642 DEBUG  - Validity Check [FAILED] (Empty)
2021-10-31 14:15:58,644 DEBUG  - Validity Check [FAILED] (Empty)
2021-10-31 14:15:58,645 DEBUG  - Validity Check [FAILED] (Empty)
2021-10-31 14:15:58,647 DEBUG  - Validity Check [FAILED] (Empty)
2021-10-31 14:15:58,711 DEBUG validityCheck - Tracker Detection [FAILED]
2021-10-31 14:15:58,712 DEBUG validityCheck - Tracker Detection [PASSED]
2021-10-31 14:15:58,713 DEBUG [eye_corner_tracker_os][1][DETECT] - [DETECT] Found valid detection 1/3
2021-10-31 14:15:58,715 DEBUG validityCheck - Tracker Detection [FAILED]
2021-10-31 14:15:58,716 DEBUG validityCheck - Tracker Detection [PASSED]
2021-10-31 14:15:58,717 DEBUG [eye_pupil_tracker_os][1][DETECT] - [DETECT] Found valid detection 1/3
2021-10-31 14:15:58,718 DEBUG validityCheck - Tracker Detection [PASSED]
2021-10-31 14:15:58,719 DEBUG [nose_tracker][1][DETECT] - [DETECT] Found valid detection 1/3
2021-10-31 14:15:58,720 DEBUG validityCheck - Tracker Detection [FAILED]
2021-10-31 14:15:58,721 DEBUG validityCheck - Tracker Detection [PASSED]
2021-10-31 14:15:58,722 DEBUG [nose_tracker_2][1][DETECT] - [DETECT] Found valid detection 1/3
2021-10-31 14:15:58,724 DEBUG validityCheck - Tracker Detection [PASSED]
2021-10-31 14:15:58,724 DEBUG [nose_tracker_3][1][DETECT] - [DETECT] Found valid detection 1/3
2021-10-31 14:15:58,773 DEBUG validityCheck - Tracker Detection [FAILED]
2021-10-31 14:15:58,775 DEBUG validityCheck - Tracker Detection [PASSED]
2021-10-31 14:15:58,776 DEBUG [eye_corner_tracker_os][1][DETECT] - [DETECT] Found valid detection 2/3
2021-10-31 14:15:58,777 DEBUG validityCheck - Tracker Detection [PASSED]
2021-10-31 14:15:58,778 DEBUG [eye_pupil_tracker_od][1][DETECT] - [DETECT] Found valid detection 1/3
2021-10-31 14:15:58,779 DEBUG validityCheck - Tracker Detection [PASSED]
2021-10-31 14:15:58,780 DEBUG [eye_pupil_tracker_os][1][DETECT] - [DETECT] Found valid detection 2/3
2021-10-31 14:15:58,782 DEBUG validityCheck - Tracker Detection [PASSED]
2021-10-31 14:15:58,782 DEBUG [nose_tracker][1][DETECT] - [DETECT] Found valid detection 2/3
2021-10-31 14:15:58,784 DEBUG validityCheck - Tracker Detection [PASSED]
2021-10-31 14:15:58,785 DEBUG [nose_tracker_1][1][DETECT] - [DETECT] Found valid detection 1/3
2021-10-31 14:15:58,786 DEBUG validityCheck - Tracker Detection [PASSED]
2021-10-31 14:15:58,787 DEBUG [nose_tracker_2][1][DETECT] - [DETECT] Found valid detection 2/3
2021-10-31 14:15:58,788 DEBUG validityCheck - Tracker Detection [PASSED]
2021-10-31 14:15:58,789 DEBUG [nose_tracker_3][1][DETECT] - [DETECT] Found valid detection 2/3
2021-10-31 14:15:58,836 DEBUG validityCheck - Tracker Detection [PASSED]
2021-10-31 14:15:58,836 DEBUG [eye_corner_tracker_od][1][DETECT] - [DETECT] Found valid detection 1/3
2021-10-31 14:15:58,838 DEBUG validityCheck - Tracker Detection [PASSED]
2021-10-31 14:15:58,839 DEBUG [eye_corner_tracker_os][1][DETECT] - [DETECT] Found valid detection 3/3
2021-10-31 14:15:58,840 DEBUG validityCheck - Tracker Detection [PASSED]
2021-10-31 14:15:58,841 DEBUG [eye_pupil_tracker_od][1][DETECT] - [DETECT] Found valid detection 2/3
2021-10-31 14:15:58,842 DEBUG validityCheck - Tracker Detection [PASSED]
2021-10-31 14:15:58,843 DEBUG [eye_pupil_tracker_os][1][DETECT] - [DETECT] Found valid detection 3/3
2021-10-31 14:15:58,844 DEBUG validityCheck - Tracker Detection [PASSED]
2021-10-31 14:15:58,845 DEBUG [nose_tracker][1][DETECT] - [DETECT] Found valid detection 3/3
2021-10-31 14:15:58,846 DEBUG validityCheck - Tracker Detection [PASSED]
2021-10-31 14:15:58,847 DEBUG [nose_tracker_1][1][DETECT] - [DETECT] Found valid detection 2/3
2021-10-31 14:15:58,849 DEBUG validityCheck - Tracker Detection [PASSED]
2021-10-31 14:15:58,849 DEBUG [nose_tracker_2][1][DETECT] - [DETECT] Found valid detection 3/3
2021-10-31 14:15:58,851 DEBUG validityCheck - Tracker Detection [PASSED]
2021-10-31 14:15:58,852 DEBUG [nose_tracker_3][1][DETECT] - [DETECT] Found valid detection 3/3
2021-10-31 14:15:58,914 DEBUG validityCheck - Tracker Detection [PASSED]
2021-10-31 14:15:58,915 DEBUG [eye_corner_tracker_od][1][DETECT] - [DETECT] Found valid detection 2/3
2021-10-31 14:15:58,916 DEBUG validityCheck - Tracker Detection [PASSED]
2021-10-31 14:15:58,917 DEBUG [eye_corner_tracker_os][1][DETECT] - POINT 5. (505.50, 305.30) blockSize = [21, 21]
2021-10-31 14:15:58,919 DEBUG validityCheck - Tracker Detection [FAILED]
2021-10-31 14:15:58,920 DEBUG validityCheck - Tracker Detection [PASSED]
2021-10-31 14:15:58,921 DEBUG [eye_pupil_tracker_os][1][DETECT] - POINT 5. (554.83, 294.78) blockSize = [65, 65]
2021-10-31 14:15:58,923 DEBUG validityCheck - Tracker Detection [PASSED]
2021-10-31 14:15:58,923 DEBUG [nose_tracker][1][DETECT] - POINT 5. (422.60, 477.40) blockSize = [93, 93]
2021-10-31 14:15:58,925 DEBUG validityCheck - Tracker Detection [PASSED]
2021-10-31 14:15:58,925 DEBUG [nose_tracker_1][1][DETECT] - [DETECT] Found valid detection 3/3
2021-10-31 14:15:58,927 DEBUG validityCheck - Tracker Detection [PASSED]
2021-10-31 14:15:58,928 DEBUG [nose_tracker_2][1][DETECT] - POINT 5. (422.60, 477.40) blockSize = [91, 91]
2021-10-31 14:15:58,929 DEBUG validityCheck - Tracker Detection [PASSED]
2021-10-31 14:15:58,930 DEBUG [nose_tracker_3][1][DETECT] - POINT 5. (445.00, 472.20) blockSize = [91, 91]
2021-10-31 14:15:58,996 DEBUG validityCheck - Tracker Detection [PASSED]
2021-10-31 14:15:58,997 DEBUG [eye_corner_tracker_od][1][DETECT] - [DETECT] Found valid detection 3/3
2021-10-31 14:15:59,001 DEBUG [eye_corner_tracker_os][1][KLT_INITIALIZE] - Initialize TRACKING
2021-10-31 14:15:59,003 DEBUG validityCheck - Tracker Detection [FAILED]
2021-10-31 14:15:59,007 DEBUG [eye_pupil_tracker_os][1][KLT_INITIALIZE] - Initialize TRACKING
2021-10-31 14:15:59,011 DEBUG [nose_tracker][1][KLT_INITIALIZE] - Initialize TRACKING
2021-10-31 14:15:59,013 DEBUG validityCheck - Tracker Detection [PASSED]
2021-10-31 14:15:59,013 DEBUG [nose_tracker_1][1][DETECT] - POINT 6. (374.40, 464.30) blockSize = [91, 91]
2021-10-31 14:15:59,018 DEBUG [nose_tracker_2][1][KLT_INITIALIZE] - Initialize TRACKING
2021-10-31 14:15:59,023 DEBUG [nose_tracker_3][1][KLT_INITIALIZE] - Initialize TRACKING
2021-10-31 14:15:59,102 DEBUG validityCheck - Tracker Detection [PASSED]
2021-10-31 14:15:59,103 DEBUG [eye_corner_tracker_od][1][DETECT] - POINT 7. (268.40, 299.80) blockSize = [21, 21]
2021-10-31 14:15:59,106 DEBUG [eye_corner_tracker_os][1][KLT_TRACK] - Updating ... (506.364,305.303)
2021-10-31 14:15:59,108 DEBUG validityCheck - Tracker Detection [PASSED]
2021-10-31 14:15:59,109 DEBUG [eye_pupil_tracker_od][1][DETECT] - [DETECT] Found valid detection 1/3
2021-10-31 14:15:59,113 DEBUG [eye_pupil_tracker_os][1][KLT_TRACK] - Updating ... (555.603,294.809)
2021-10-31 14:15:59,117 DEBUG [nose_tracker][1][KLT_TRACK] - Updating ... (423.404,477.384)
2021-10-31 14:15:59,121 DEBUG [nose_tracker_1][1][KLT_INITIALIZE] - Initialize TRACKING
2021-10-31 14:15:59,126 DEBUG [nose_tracker_2][1][KLT_TRACK] - Updating ... (423.401,477.386)
2021-10-31 14:15:59,132 DEBUG [nose_tracker_3][1][KLT_TRACK] - Updating ... (445.898,472.200)
2021-10-31 14:15:59,213 DEBUG [eye_corner_tracker_od][1][KLT_INITIALIZE] - Initialize TRACKING
2021-10-31 14:15:59,216 DEBUG [eye_corner_tracker_os][1][KLT_TRACK] - Updating ... (507.127,305.339)
2021-10-31 14:15:59,218 DEBUG validityCheck - Tracker Detection [PASSED]
2021-10-31 14:15:59,219 DEBUG [eye_pupil_tracker_od][1][DETECT] - [DETECT] Found valid detection 2/3
2021-10-31 14:15:59,222 DEBUG [eye_pupil_tracker_os][1][KLT_TRACK] - Updating ... (556.356,295.020)
2021-10-31 14:15:59,225 DEBUG [nose_tracker][1][KLT_TRACK] - Updating ... (424.162,477.383)
2021-10-31 14:15:59,229 DEBUG [nose_tracker_1][1][KLT_TRACK] - Updating ... (375.103,464.280)
2021-10-31 14:15:59,232 DEBUG [nose_tracker_2][1][KLT_TRACK] - Updating ... (424.159,477.385)
2021-10-31 14:15:59,235 DEBUG [nose_tracker_3][1][KLT_TRACK] - Updating ... (446.600,472.206)
2021-10-31 14:15:59,309 DEBUG [eye_corner_tracker_od][1][KLT_TRACK] - Lost TRACKING
2021-10-31 14:15:59,312 DEBUG [eye_corner_tracker_os][1][KLT_TRACK] - Updating ... (507.837,305.376)
2021-10-31 14:15:59,314 DEBUG validityCheck - Tracker Detection [PASSED]
2021-10-31 14:15:59,314 DEBUG [eye_pupil_tracker_od][1][DETECT] - [DETECT] Found valid detection 3/3
2021-10-31 14:15:59,317 DEBUG [eye_pupil_tracker_os][1][KLT_TRACK] - Updating ... (557.063,295.031)
2021-10-31 14:15:59,321 DEBUG [nose_tracker][1][KLT_TRACK] - Updating ... (424.583,477.264)
2021-10-31 14:15:59,324 DEBUG [nose_tracker_1][1][KLT_TRACK] - Updating ... (375.436,464.122)
2021-10-31 14:15:59,327 DEBUG [nose_tracker_2][1][KLT_TRACK] - Updating ... (424.580,477.267)
2021-10-31 14:15:59,330 DEBUG [nose_tracker_3][1][KLT_TRACK] - Updating ... (447.220,472.181)
2021-10-31 14:15:59,390 DEBUG [eye_corner_tracker_od][1][KLT_LOST] - Ending TRACKING
2021-10-31 14:15:59,391 DEBUG validityCheck - Tracker Detection [PASSED]
2021-10-31 14:15:59,392 DEBUG [eye_corner_tracker_od][1][DETECT] - POINT 8. (268.00, 300.20) blockSize = [21, 21]
2021-10-31 14:15:59,395 DEBUG [eye_corner_tracker_os][1][KLT_TRACK] - Updating ... (508.406,305.582)
2021-10-31 14:15:59,396 DEBUG validityCheck - Tracker Detection [FAILED]
2021-10-31 14:15:59,400 DEBUG [eye_pupil_tracker_os][1][KLT_TRACK] - Updating ... (557.582,295.068)
2021-10-31 14:15:59,403 DEBUG [nose_tracker][1][KLT_TRACK] - Updating ... (425.199,477.341)
2021-10-31 14:15:59,406 DEBUG [nose_tracker_1][1][KLT_TRACK] - Updating ... (376.001,464.165)
2021-10-31 14:15:59,410 DEBUG [nose_tracker_2][1][KLT_TRACK] - Updating ... (425.197,477.350)
2021-10-31 14:15:59,413 DEBUG [nose_tracker_3][1][KLT_TRACK] - Updating ... (447.818,472.273)
2021-10-31 14:15:59,490 DEBUG [eye_corner_tracker_od][1][KLT_INITIALIZE] - Initialize TRACKING
2021-10-31 14:15:59,493 DEBUG [eye_corner_tracker_os][1][KLT_TRACK] - Updating ... (509.205,305.643)
2021-10-31 14:15:59,495 DEBUG validityCheck - Tracker Detection [FAILED]
2021-10-31 14:15:59,498 DEBUG [eye_pupil_tracker_os][1][KLT_TRACK] - Updating ... (558.134,295.268)
2021-10-31 14:15:59,501 DEBUG [nose_tracker][1][KLT_TRACK] - Updating ... (425.604,477.353)
2021-10-31 14:15:59,505 DEBUG [nose_tracker_1][1][KLT_TRACK] - Updating ... (376.476,464.232)
2021-10-31 14:15:59,508 DEBUG [nose_tracker_2][1][KLT_TRACK] - Updating ... (425.607,477.365)
2021-10-31 14:15:59,511 DEBUG [nose_tracker_3][1][KLT_TRACK] - Updating ... (448.203,472.263)
2021-10-31 14:15:59,578 DEBUG [eye_corner_tracker_od][1][KLT_TRACK] - Lost TRACKING
2021-10-31 14:15:59,581 DEBUG [eye_corner_tracker_os][1][KLT_TRACK] - Updating ... (509.771,305.818)
2021-10-31 14:15:59,582 DEBUG validityCheck - Tracker Detection [PASSED]
2021-10-31 14:15:59,583 DEBUG [eye_pupil_tracker_od][1][DETECT] - [DETECT] Found valid detection 1/3
2021-10-31 14:15:59,587 DEBUG [eye_pupil_tracker_os][1][KLT_TRACK] - Updating ... (558.793,295.600)
2021-10-31 14:15:59,590 DEBUG [nose_tracker][1][KLT_TRACK] - Updating ... (426.184,477.641)
2021-10-31 14:15:59,593 DEBUG [nose_tracker_1][1][KLT_TRACK] - Updating ... (377.110,464.395)
2021-10-31 14:15:59,597 DEBUG [nose_tracker_2][1][KLT_TRACK] - Updating ... (426.186,477.642)
2021-10-31 14:15:59,600 DEBUG [nose_tracker_3][1][KLT_TRACK] - Updating ... (448.722,472.576)
2021-10-31 14:15:59,655 DEBUG [eye_corner_tracker_od][1][KLT_LOST] - Ending TRACKING
2021-10-31 14:15:59,656 DEBUG validityCheck - Tracker Detection [FAILED]
2021-10-31 14:15:59,660 DEBUG [eye_corner_tracker_os][1][KLT_TRACK] - Updating ... (510.337,306.146)
2021-10-31 14:15:59,661 DEBUG validityCheck - Tracker Detection [FAILED]
2021-10-31 14:15:59,665 DEBUG [eye_pupil_tracker_os][1][KLT_TRACK] - Updating ... (559.397,296.004)
2021-10-31 14:15:59,668 DEBUG [nose_tracker][1][KLT_TRACK] - Updating ... (426.798,478.065)
2021-10-31 14:15:59,672 DEBUG [nose_tracker_1][1][KLT_TRACK] - Updating ... (377.735,464.724)
2021-10-31 14:15:59,675 DEBUG [nose_tracker_2][1][KLT_TRACK] - Updating ... (426.798,478.069)
2021-10-31 14:15:59,679 DEBUG [nose_tracker_3][1][KLT_TRACK] - Updating ... (449.343,473.046)
2021-10-31 14:15:59,764 DEBUG validityCheck - Tracker Detection [FAILED]
2021-10-31 14:15:59,767 DEBUG [eye_corner_tracker_os][1][KLT_TRACK] - Updating ... (511.029,306.561)
2021-10-31 14:15:59,769 DEBUG validityCheck - Tracker Detection [FAILED]
2021-10-31 14:15:59,772 DEBUG [eye_pupil_tracker_os][1][KLT_TRACK] - Updating ... (560.105,296.106)
2021-10-31 14:15:59,776 DEBUG [nose_tracker][1][KLT_TRACK] - Updating ... (427.440,478.162)
2021-10-31 14:15:59,779 DEBUG [nose_tracker_1][1][KLT_TRACK] - Updating ... (378.251,464.842)
2021-10-31 14:15:59,783 DEBUG [nose_tracker_2][1][KLT_TRACK] - Updating ... (427.436,478.165)
2021-10-31 14:15:59,787 DEBUG [nose_tracker_3][1][KLT_TRACK] - Updating ... (450.008,473.143)
2021-10-31 14:15:59,855 DEBUG validityCheck - Tracker Detection [PASSED]
2021-10-31 14:15:59,856 DEBUG [eye_corner_tracker_od][1][DETECT] - [DETECT] Found valid detection 1/3
2021-10-31 14:15:59,859 DEBUG [eye_corner_tracker_os][1][KLT_TRACK] - Updating ... (511.790,306.585)
2021-10-31 14:15:59,861 DEBUG validityCheck - Tracker Detection [FAILED]
2021-10-31 14:15:59,864 DEBUG [eye_pupil_tracker_os][1][KLT_TRACK] - Updating ... (560.661,296.308)
2021-10-31 14:15:59,868 DEBUG [nose_tracker][1][KLT_TRACK] - Updating ... (428.162,478.304)
2021-10-31 14:15:59,871 DEBUG [nose_tracker_1][1][KLT_TRACK] - Updating ... (379.017,465.012)
2021-10-31 14:15:59,875 DEBUG [nose_tracker_2][1][KLT_TRACK] - Updating ... (428.169,478.310)
2021-10-31 14:15:59,878 DEBUG [nose_tracker_3][1][KLT_TRACK] - Updating ... (450.609,473.297)
2021-10-31 14:15:59,962 DEBUG validityCheck - Tracker Detection [FAILED]
2021-10-31 14:15:59,966 DEBUG [eye_corner_tracker_os][1][KLT_TRACK] - Updating ... (512.214,306.776)
2021-10-31 14:15:59,968 DEBUG validityCheck - Tracker Detection [FAILED]
2021-10-31 14:15:59,972 DEBUG [eye_pupil_tracker_os][1][KLT_TRACK] - Updating ... (561.327,296.422)
2021-10-31 14:15:59,976 DEBUG [nose_tracker][1][KLT_TRACK] - Updating ... (428.589,478.504)
2021-10-31 14:15:59,980 DEBUG [nose_tracker_1][1][KLT_TRACK] - Updating ... (379.425,465.141)
2021-10-31 14:15:59,984 DEBUG [nose_tracker_2][1][KLT_TRACK] - Updating ... (428.593,478.506)
2021-10-31 14:15:59,988 DEBUG [nose_tracker_3][1][KLT_TRACK] - Updating ... (451.077,473.447)
2021-10-31 14:16:00,051 DEBUG validityCheck - Tracker Detection [PASSED]
2021-10-31 14:16:00,052 DEBUG [eye_corner_tracker_od][1][DETECT] - [DETECT] Found valid detection 1/3
2021-10-31 14:16:00,055 DEBUG [eye_corner_tracker_os][1][KLT_TRACK] - Updating ... (512.596,306.637)
2021-10-31 14:16:00,057 DEBUG validityCheck - Tracker Detection [PASSED]
2021-10-31 14:16:00,058 DEBUG [eye_pupil_tracker_od][1][DETECT] - [DETECT] Found valid detection 1/3
2021-10-31 14:16:00,061 DEBUG [eye_pupil_tracker_os][1][KLT_TRACK] - Updating ... (561.694,296.533)
2021-10-31 14:16:00,064 DEBUG [nose_tracker][1][KLT_TRACK] - Updating ... (428.949,478.667)
2021-10-31 14:16:00,068 DEBUG [nose_tracker_1][1][KLT_TRACK] - Updating ... (379.858,465.306)
2021-10-31 14:16:00,071 DEBUG [nose_tracker_2][1][KLT_TRACK] - Updating ... (428.949,478.664)
2021-10-31 14:16:00,075 DEBUG [nose_tracker_3][1][KLT_TRACK] - Updating ... (451.477,473.624)
2021-10-31 14:16:00,138 DEBUG validityCheck - Tracker Detection [PASSED]
2021-10-31 14:16:00,139 DEBUG [eye_corner_tracker_od][1][DETECT] - [DETECT] Found valid detection 2/3
2021-10-31 14:16:00,142 DEBUG [eye_corner_tracker_os][1][KLT_TRACK] - Updating ... (513.106,306.879)
2021-10-31 14:16:00,143 DEBUG validityCheck - Tracker Detection [FAILED]
2021-10-31 14:16:00,147 DEBUG [eye_pupil_tracker_os][1][KLT_TRACK] - Updating ... (562.305,296.800)
2021-10-31 14:16:00,150 DEBUG [nose_tracker][1][KLT_TRACK] - Updating ... (429.328,478.895)
2021-10-31 14:16:00,154 DEBUG [nose_tracker_1][1][KLT_TRACK] - Updating ... (380.205,465.489)
2021-10-31 14:16:00,157 DEBUG [nose_tracker_2][1][KLT_TRACK] - Updating ... (429.325,478.892)
2021-10-31 14:16:00,161 DEBUG [nose_tracker_3][1][KLT_TRACK] - Updating ... (451.890,473.856)
