2021-09-11 02:56:00,298 INFO  - Init DETECTOR ... blink_detector (detectBlinkWithOpenFace)
2021-09-11 02:56:00,330 INFO  - Init DETECTOR ... nose_tip_detector (detectNoseTipWithOpenFace)
2021-09-11 02:56:00,332 INFO  - Init DETECTOR ... eye_region_detector_os (detectEyeRegionWithOpenFace)
2021-09-11 02:56:00,334 INFO  - Init DETECTOR ... eye_region_detector_od (detectEyeRegionWithOpenFace)
2021-09-11 02:56:00,335 INFO  - Init DETECTOR ... eye_pupil_detector_os (detectDarkPupilWithOpenFace)
2021-09-11 02:56:00,336 INFO  - Init DETECTOR ... eye_pupil_detector_od (detectDarkPupilWithOpenFace)
2021-09-11 02:56:00,338 INFO  - Init DETECTOR ... eye_corner_os_inner (detectEyeCornerWithOpenFace)
2021-09-11 02:56:00,339 INFO  - Init DETECTOR ... eye_corner_od_outer (detectEyeCornerWithOpenFace)
2021-09-11 02:56:00,340 INFO  - Init DETECTOR ... nose_point_1 (detectLandmarkWithOpenFace)
2021-09-11 02:56:00,341 INFO  - Init DETECTOR ... nose_point_2 (detectLandmarkWithOpenFace)
2021-09-11 02:56:00,342 INFO  - Init DETECTOR ... nose_point_3 (detectLandmarkWithOpenFace)
2021-09-11 02:56:00,343 INFO  - Init TRACKER ... NoseTipTracker (3) with detector "nose_tip_detector".
2021-09-11 02:56:00,345 INFO  - Init TRACKER ... EyeCornerTracker (6) with detector "eye_corner_os_inner".
2021-09-11 02:56:00,345 INFO  - Init TRACKER ... EyeCornerTracker (7) with detector "eye_corner_od_outer".
2021-09-11 02:56:00,347 INFO  - Init TRACKER ... EyePupilTracker (4) with detector "eye_pupil_detector_os".
2021-09-11 02:56:00,348 INFO  - Init TRACKER ... EyePupilTracker (5) with detector "eye_pupil_detector_od".
2021-09-11 02:56:00,349 INFO  - Init TRACKER ... SinglePointTracker (8) with detector "nose_point_1".
2021-09-11 02:56:00,350 INFO  - Init TRACKER ... SinglePointTracker (9) with detector "nose_point_2".
2021-09-11 02:56:00,351 INFO  - Init TRACKER ... SinglePointTracker (10) with detector "nose_point_3".
2021-09-11 02:56:00,352 INFO  - Init CALCULATOR ... nose_baseline "NoseBaseLineEstimator".
2021-09-11 02:56:00,353 INFO  - Init CALCULATOR ... nose_tipXY "TrackerConnector".
2021-09-11 02:56:00,354 INFO  - Init CALCULATOR ... rawPupilXY_OS "DetectorConnector".
2021-09-11 02:56:00,355 INFO  - Init CALCULATOR ... rawPupilXY_OD "DetectorConnector".
2021-09-11 02:56:00,356 INFO  - Init CALCULATOR ... SubNose_OS "TrackerSubtractor".
2021-09-11 02:56:00,358 INFO  - Init CALCULATOR ... SubNose_OD "TrackerSubtractor".
2021-09-11 02:56:00,359 INFO  - Init CALCULATOR ... EyeCornerODLeft "TrackerConnector".
2021-09-11 02:56:00,360 INFO  - Init CALCULATOR ... EyeCornerOSLeft "TrackerConnector".
2021-09-11 02:56:00,361 INFO  - Init CALCULATOR ... SubEyeCorner_OS "TrackerSubtractor".
2021-09-11 02:56:00,362 INFO  - Init CALCULATOR ... SubEyeCorner_OD "TrackerSubtractor".
2021-09-11 02:56:00,363 INFO  - Init CALCULATOR ... ProjectorOS "ProjectorToBaseLine".
2021-09-11 02:56:00,364 INFO  - Init CALCULATOR ... ProjectorOD "ProjectorToBaseLine".
2021-09-11 02:56:00,366 INFO  - Init CALCULATOR ... Limbus_OS "EdgeDetector".
2021-09-11 02:56:00,367 INFO  - Init CALCULATOR ... Limbus_OD "EdgeDetector".
2021-09-11 02:56:00,368 INFO  - Init CALCULATOR ... LimbusOSfromNose "CalculatorSubtractor".
2021-09-11 02:56:00,369 INFO  - Init CALCULATOR ... LimbusODfromNose "CalculatorSubtractor".
2021-09-11 02:56:00,370 INFO  - Init CALCULATOR ... LimbusOSfromEyeCnr "CalculatorSubtractor".
2021-09-11 02:56:00,371 INFO  - Init CALCULATOR ... LimbusODfromEyeCnr "CalculatorSubtractor".
2021-09-11 02:56:00,723 INFO  - opening video  ... /Volumes/BLUR/DATA/ARANGA/VIDEO/DAY1/mfon/video.converted/result/clip-7-trial-1-7-animation/video.mp4
2021-09-11 02:56:00,724 INFO  - opening file   ... /Volumes/BLUR/DATA/ARANGA/VIDEO/DAY1/mfon/video.converted/result/clip-7-trial-1-7-animation/results.csv
2021-09-11 02:56:00,738 DEBUG [eye_corner_tracker_od][1][IDLE] - Intializing
2021-09-11 02:56:00,750 DEBUG [eye_corner_tracker_od][1][IDLE] - Setting to DETECT
2021-09-11 02:56:00,752 DEBUG [eye_corner_tracker_os][1][IDLE] - Intializing
2021-09-11 02:56:00,753 DEBUG [eye_corner_tracker_os][1][IDLE] - Setting to DETECT
2021-09-11 02:56:00,755 DEBUG [eye_pupil_tracker_od][1][IDLE] - Intializing
2021-09-11 02:56:00,755 DEBUG [eye_pupil_tracker_od][1][IDLE] - Setting to DETECT
2021-09-11 02:56:00,758 DEBUG [eye_pupil_tracker_os][1][IDLE] - Intializing
2021-09-11 02:56:00,759 DEBUG [eye_pupil_tracker_os][1][IDLE] - Setting to DETECT
2021-09-11 02:56:00,761 DEBUG [nose_tracker][1][IDLE] - Intializing
2021-09-11 02:56:00,761 DEBUG [nose_tracker][1][IDLE] - Setting to DETECT
2021-09-11 02:56:00,763 DEBUG [nose_tracker_1][1][IDLE] - Intializing
2021-09-11 02:56:00,764 DEBUG [nose_tracker_1][1][IDLE] - Setting to DETECT
2021-09-11 02:56:00,765 DEBUG [nose_tracker_2][1][IDLE] - Intializing
2021-09-11 02:56:00,766 DEBUG [nose_tracker_2][1][IDLE] - Setting to DETECT
2021-09-11 02:56:00,767 DEBUG [nose_tracker_3][1][IDLE] - Intializing
2021-09-11 02:56:00,768 DEBUG [nose_tracker_3][1][IDLE] - Setting to DETECT
2021-09-11 02:56:00,823 DEBUG  - No CANDIDATE detections were FOUND.
2021-09-11 02:56:00,824 DEBUG  - No CANDIDATE detections were FOUND.
2021-09-11 02:56:00,826 DEBUG  - No CANDIDATE detections were FOUND.
2021-09-11 02:56:00,827 DEBUG  - No CANDIDATE detections were FOUND.
2021-09-11 02:56:00,829 DEBUG  - No CANDIDATE detections were FOUND.
2021-09-11 02:56:00,830 DEBUG  - No CANDIDATE detections were FOUND.
2021-09-11 02:56:00,831 DEBUG  - No CANDIDATE detections were FOUND.
2021-09-11 02:56:00,833 DEBUG  - No CANDIDATE detections were FOUND.
2021-09-11 02:56:00,858 DEBUG  - No CANDIDATE detections were FOUND.
2021-09-11 02:56:00,872 DEBUG  - No CANDIDATE detections were FOUND.
2021-09-11 02:56:00,887 DEBUG  - No CANDIDATE detections were FOUND.
2021-09-11 02:56:00,889 DEBUG  - No CANDIDATE detections were FOUND.
2021-09-11 02:56:00,890 DEBUG  - No CANDIDATE detections were FOUND.
2021-09-11 02:56:00,892 DEBUG  - No CANDIDATE detections were FOUND.
2021-09-11 02:56:00,894 DEBUG  - No CANDIDATE detections were FOUND.
2021-09-11 02:56:00,895 DEBUG  - No CANDIDATE detections were FOUND.
2021-09-11 02:56:00,925 DEBUG  - No CANDIDATE detections were FOUND.
2021-09-11 02:56:00,939 DEBUG  - No CANDIDATE detections were FOUND.
2021-09-11 02:56:00,941 DEBUG  - No CANDIDATE detections were FOUND.
2021-09-11 02:56:00,942 DEBUG  - No CANDIDATE detections were FOUND.
2021-09-11 02:56:00,944 DEBUG  - No CANDIDATE detections were FOUND.
2021-09-11 02:56:00,946 DEBUG  - No CANDIDATE detections were FOUND.
2021-09-11 02:56:00,947 DEBUG  - No CANDIDATE detections were FOUND.
2021-09-11 02:56:00,949 DEBUG  - No CANDIDATE detections were FOUND.
2021-09-11 02:56:00,974 DEBUG  - No CANDIDATE detections were FOUND.
2021-09-11 02:56:00,975 DEBUG  - No CANDIDATE detections were FOUND.
2021-09-11 02:56:00,977 DEBUG  - No CANDIDATE detections were FOUND.
2021-09-11 02:56:00,978 DEBUG  - No CANDIDATE detections were FOUND.
2021-09-11 02:56:00,979 DEBUG  - No CANDIDATE detections were FOUND.
2021-09-11 02:56:00,981 DEBUG  - No CANDIDATE detections were FOUND.
2021-09-11 02:56:00,982 DEBUG  - No CANDIDATE detections were FOUND.
2021-09-11 02:56:00,984 DEBUG  - No CANDIDATE detections were FOUND.
2021-09-11 02:56:01,009 DEBUG  - No CANDIDATE detections were FOUND.
2021-09-11 02:56:01,010 DEBUG  - No CANDIDATE detections were FOUND.
2021-09-11 02:56:01,012 DEBUG  - No CANDIDATE detections were FOUND.
2021-09-11 02:56:01,014 DEBUG  - No CANDIDATE detections were FOUND.
2021-09-11 02:56:01,015 DEBUG  - No CANDIDATE detections were FOUND.
2021-09-11 02:56:01,017 DEBUG  - No CANDIDATE detections were FOUND.
2021-09-11 02:56:01,018 DEBUG  - No CANDIDATE detections were FOUND.
2021-09-11 02:56:01,019 DEBUG  - No CANDIDATE detections were FOUND.
2021-09-11 02:56:01,042 DEBUG  - No CANDIDATE detections were FOUND.
2021-09-11 02:56:01,049 DEBUG  - No CANDIDATE detections were FOUND.
2021-09-11 02:56:01,051 DEBUG  - No CANDIDATE detections were FOUND.
2021-09-11 02:56:01,052 DEBUG  - No CANDIDATE detections were FOUND.
2021-09-11 02:56:01,054 DEBUG  - No CANDIDATE detections were FOUND.
2021-09-11 02:56:01,055 DEBUG  - No CANDIDATE detections were FOUND.
2021-09-11 02:56:01,057 DEBUG  - No CANDIDATE detections were FOUND.
2021-09-11 02:56:01,058 DEBUG  - No CANDIDATE detections were FOUND.
2021-09-11 02:56:01,081 DEBUG  - No CANDIDATE detections were FOUND.
2021-09-11 02:56:01,083 DEBUG  - No CANDIDATE detections were FOUND.
2021-09-11 02:56:01,085 DEBUG  - No CANDIDATE detections were FOUND.
2021-09-11 02:56:01,087 DEBUG  - No CANDIDATE detections were FOUND.
2021-09-11 02:56:01,088 DEBUG  - No CANDIDATE detections were FOUND.
2021-09-11 02:56:01,090 DEBUG  - No CANDIDATE detections were FOUND.
2021-09-11 02:56:01,091 DEBUG  - No CANDIDATE detections were FOUND.
2021-09-11 02:56:01,093 DEBUG  - No CANDIDATE detections were FOUND.
2021-09-11 02:56:01,116 DEBUG  - No CANDIDATE detections were FOUND.
2021-09-11 02:56:01,117 DEBUG  - No CANDIDATE detections were FOUND.
2021-09-11 02:56:01,119 DEBUG  - No CANDIDATE detections were FOUND.
2021-09-11 02:56:01,120 DEBUG  - No CANDIDATE detections were FOUND.
2021-09-11 02:56:01,122 DEBUG  - No CANDIDATE detections were FOUND.
2021-09-11 02:56:01,123 DEBUG  - No CANDIDATE detections were FOUND.
2021-09-11 02:56:01,125 DEBUG  - No CANDIDATE detections were FOUND.
2021-09-11 02:56:01,126 DEBUG  - No CANDIDATE detections were FOUND.
2021-09-11 02:56:01,148 DEBUG  - No CANDIDATE detections were FOUND.
2021-09-11 02:56:01,150 DEBUG  - No CANDIDATE detections were FOUND.
2021-09-11 02:56:01,151 DEBUG  - No CANDIDATE detections were FOUND.
2021-09-11 02:56:01,153 DEBUG  - No CANDIDATE detections were FOUND.
2021-09-11 02:56:01,154 DEBUG  - No CANDIDATE detections were FOUND.
2021-09-11 02:56:01,155 DEBUG  - No CANDIDATE detections were FOUND.
2021-09-11 02:56:01,157 DEBUG  - No CANDIDATE detections were FOUND.
2021-09-11 02:56:01,159 DEBUG  - No CANDIDATE detections were FOUND.
2021-09-11 02:56:01,181 DEBUG  - No CANDIDATE detections were FOUND.
2021-09-11 02:56:01,183 DEBUG  - No CANDIDATE detections were FOUND.
2021-09-11 02:56:01,184 DEBUG  - No CANDIDATE detections were FOUND.
2021-09-11 02:56:01,186 DEBUG  - No CANDIDATE detections were FOUND.
2021-09-11 02:56:01,188 DEBUG  - No CANDIDATE detections were FOUND.
2021-09-11 02:56:01,189 DEBUG  - No CANDIDATE detections were FOUND.
2021-09-11 02:56:01,191 DEBUG  - No CANDIDATE detections were FOUND.
2021-09-11 02:56:01,192 DEBUG  - No CANDIDATE detections were FOUND.
2021-09-11 02:56:01,215 DEBUG  - No CANDIDATE detections were FOUND.
2021-09-11 02:56:01,217 DEBUG  - No CANDIDATE detections were FOUND.
2021-09-11 02:56:01,218 DEBUG  - No CANDIDATE detections were FOUND.
2021-09-11 02:56:01,220 DEBUG  - No CANDIDATE detections were FOUND.
2021-09-11 02:56:01,221 DEBUG  - No CANDIDATE detections were FOUND.
2021-09-11 02:56:01,223 DEBUG  - No CANDIDATE detections were FOUND.
2021-09-11 02:56:01,224 DEBUG  - No CANDIDATE detections were FOUND.
2021-09-11 02:56:01,226 DEBUG  - No CANDIDATE detections were FOUND.
2021-09-11 02:56:01,366 DEBUG  - Validity Check [FAILED] (Empty)
2021-09-11 02:56:01,368 DEBUG  - Validity Check [FAILED] (Empty)
2021-09-11 02:56:01,369 DEBUG  - Validity Check [FAILED] (Empty)
2021-09-11 02:56:01,371 DEBUG  - Validity Check [FAILED] (Empty)
2021-09-11 02:56:01,373 DEBUG  - Validity Check [FAILED] (Empty)
2021-09-11 02:56:01,374 DEBUG  - Validity Check [FAILED] (Empty)
2021-09-11 02:56:01,376 DEBUG  - Validity Check [FAILED] (Empty)
2021-09-11 02:56:01,377 DEBUG  - Validity Check [FAILED] (Empty)
2021-09-11 02:56:01,506 DEBUG validityCheck - Tracker Detection [FAILED]
2021-09-11 02:56:01,508 DEBUG validityCheck - Tracker Detection [FAILED]
2021-09-11 02:56:01,509 DEBUG validityCheck - Tracker Detection [PASSED]
2021-09-11 02:56:01,510 DEBUG [eye_pupil_tracker_od][1][DETECT] - [DETECT] Found valid detection 1/3
2021-09-11 02:56:01,511 DEBUG validityCheck - Tracker Detection [FAILED]
2021-09-11 02:56:01,513 DEBUG validityCheck - Tracker Detection [PASSED]
2021-09-11 02:56:01,513 DEBUG [nose_tracker][1][DETECT] - [DETECT] Found valid detection 1/3
2021-09-11 02:56:01,515 DEBUG validityCheck - Tracker Detection [PASSED]
2021-09-11 02:56:01,516 DEBUG [nose_tracker_1][1][DETECT] - [DETECT] Found valid detection 1/3
2021-09-11 02:56:01,517 DEBUG validityCheck - Tracker Detection [PASSED]
2021-09-11 02:56:01,518 DEBUG [nose_tracker_2][1][DETECT] - [DETECT] Found valid detection 1/3
2021-09-11 02:56:01,519 DEBUG validityCheck - Tracker Detection [PASSED]
2021-09-11 02:56:01,520 DEBUG [nose_tracker_3][1][DETECT] - [DETECT] Found valid detection 1/3
2021-09-11 02:56:01,646 DEBUG validityCheck - Tracker Detection [PASSED]
2021-09-11 02:56:01,647 DEBUG [eye_corner_tracker_od][1][DETECT] - [DETECT] Found valid detection 1/3
2021-09-11 02:56:01,649 DEBUG validityCheck - Tracker Detection [PASSED]
2021-09-11 02:56:01,649 DEBUG [eye_corner_tracker_os][1][DETECT] - [DETECT] Found valid detection 1/3
2021-09-11 02:56:01,651 DEBUG validityCheck - Tracker Detection [PASSED]
2021-09-11 02:56:01,652 DEBUG [eye_pupil_tracker_od][1][DETECT] - [DETECT] Found valid detection 2/3
2021-09-11 02:56:01,653 DEBUG validityCheck - Tracker Detection [PASSED]
2021-09-11 02:56:01,654 DEBUG [eye_pupil_tracker_os][1][DETECT] - [DETECT] Found valid detection 1/3
2021-09-11 02:56:01,655 DEBUG validityCheck - Tracker Detection [PASSED]
2021-09-11 02:56:01,656 DEBUG [nose_tracker][1][DETECT] - [DETECT] Found valid detection 2/3
2021-09-11 02:56:01,657 DEBUG validityCheck - Tracker Detection [PASSED]
2021-09-11 02:56:01,658 DEBUG [nose_tracker_1][1][DETECT] - [DETECT] Found valid detection 2/3
2021-09-11 02:56:01,659 DEBUG validityCheck - Tracker Detection [PASSED]
2021-09-11 02:56:01,660 DEBUG [nose_tracker_2][1][DETECT] - [DETECT] Found valid detection 2/3
2021-09-11 02:56:01,662 DEBUG validityCheck - Tracker Detection [PASSED]
2021-09-11 02:56:01,662 DEBUG [nose_tracker_3][1][DETECT] - [DETECT] Found valid detection 2/3
2021-09-11 02:56:01,784 DEBUG validityCheck - Tracker Detection [PASSED]
2021-09-11 02:56:01,785 DEBUG [eye_corner_tracker_od][1][DETECT] - [DETECT] Found valid detection 2/3
2021-09-11 02:56:01,787 DEBUG validityCheck - Tracker Detection [PASSED]
2021-09-11 02:56:01,788 DEBUG [eye_corner_tracker_os][1][DETECT] - [DETECT] Found valid detection 2/3
2021-09-11 02:56:01,789 DEBUG validityCheck - Tracker Detection [PASSED]
2021-09-11 02:56:01,790 DEBUG [eye_pupil_tracker_od][1][DETECT] - [DETECT] Found valid detection 3/3
2021-09-11 02:56:01,792 DEBUG validityCheck - Tracker Detection [PASSED]
2021-09-11 02:56:01,792 DEBUG [eye_pupil_tracker_os][1][DETECT] - [DETECT] Found valid detection 2/3
2021-09-11 02:56:01,794 DEBUG validityCheck - Tracker Detection [PASSED]
2021-09-11 02:56:01,795 DEBUG [nose_tracker][1][DETECT] - [DETECT] Found valid detection 3/3
2021-09-11 02:56:01,796 DEBUG validityCheck - Tracker Detection [PASSED]
2021-09-11 02:56:01,797 DEBUG [nose_tracker_1][1][DETECT] - [DETECT] Found valid detection 3/3
2021-09-11 02:56:01,798 DEBUG validityCheck - Tracker Detection [PASSED]
2021-09-11 02:56:01,799 DEBUG [nose_tracker_2][1][DETECT] - [DETECT] Found valid detection 3/3
2021-09-11 02:56:01,800 DEBUG validityCheck - Tracker Detection [PASSED]
2021-09-11 02:56:01,801 DEBUG [nose_tracker_3][1][DETECT] - [DETECT] Found valid detection 3/3
2021-09-11 02:56:01,925 DEBUG validityCheck - Tracker Detection [PASSED]
2021-09-11 02:56:01,926 DEBUG [eye_corner_tracker_od][1][DETECT] - [DETECT] Found valid detection 3/3
2021-09-11 02:56:01,928 DEBUG validityCheck - Tracker Detection [PASSED]
2021-09-11 02:56:01,928 DEBUG [eye_corner_tracker_os][1][DETECT] - [DETECT] Found valid detection 3/3
2021-09-11 02:56:01,930 DEBUG validityCheck - Tracker Detection [PASSED]
2021-09-11 02:56:01,931 DEBUG [eye_pupil_tracker_od][1][DETECT] - POINT 5. (797.00, 435.10) blockSize = [81, 81]
2021-09-11 02:56:01,932 DEBUG validityCheck - Tracker Detection [PASSED]
2021-09-11 02:56:01,933 DEBUG [eye_pupil_tracker_os][1][DETECT] - [DETECT] Found valid detection 3/3
2021-09-11 02:56:01,934 DEBUG validityCheck - Tracker Detection [PASSED]
2021-09-11 02:56:01,935 DEBUG [nose_tracker][1][DETECT] - POINT 5. (946.30, 636.60) blockSize = [143, 143]
2021-09-11 02:56:01,937 DEBUG validityCheck - Tracker Detection [PASSED]
2021-09-11 02:56:01,937 DEBUG [nose_tracker_1][1][DETECT] - POINT 5. (869.80, 607.40) blockSize = [91, 91]
2021-09-11 02:56:01,939 DEBUG validityCheck - Tracker Detection [PASSED]
2021-09-11 02:56:01,939 DEBUG [nose_tracker_2][1][DETECT] - POINT 5. (946.30, 636.60) blockSize = [91, 91]
2021-09-11 02:56:01,941 DEBUG validityCheck - Tracker Detection [PASSED]
2021-09-11 02:56:01,942 DEBUG [nose_tracker_3][1][DETECT] - POINT 5. (979.90, 630.20) blockSize = [91, 91]
2021-09-11 02:56:02,065 DEBUG validityCheck - Tracker Detection [PASSED]
2021-09-11 02:56:02,066 DEBUG [eye_corner_tracker_od][1][DETECT] - POINT 6. (711.60, 431.50) blockSize = [31, 31]
2021-09-11 02:56:02,068 DEBUG validityCheck - Tracker Detection [PASSED]
2021-09-11 02:56:02,069 DEBUG [eye_corner_tracker_os][1][DETECT] - POINT 6. (1068.50, 449.20) blockSize = [31, 31]
2021-09-11 02:56:02,077 DEBUG [eye_pupil_tracker_od][1][KLT_INITIALIZE] - Initialize TRACKING
2021-09-11 02:56:02,079 DEBUG validityCheck - Tracker Detection [PASSED]
2021-09-11 02:56:02,091 DEBUG [eye_pupil_tracker_os][1][DETECT] - POINT 6. (1141.40, 442.80) blockSize = [81, 81]
2021-09-11 02:56:02,101 DEBUG [nose_tracker][1][KLT_INITIALIZE] - Initialize TRACKING
2021-09-11 02:56:02,111 DEBUG [nose_tracker_1][1][KLT_INITIALIZE] - Initialize TRACKING
2021-09-11 02:56:02,121 DEBUG [nose_tracker_2][1][KLT_INITIALIZE] - Initialize TRACKING
2021-09-11 02:56:02,129 DEBUG [nose_tracker_3][1][KLT_INITIALIZE] - Initialize TRACKING
2021-09-11 02:56:02,291 DEBUG [eye_corner_tracker_od][1][KLT_INITIALIZE] - Initialize TRACKING
2021-09-11 02:56:02,298 DEBUG [eye_corner_tracker_os][1][KLT_INITIALIZE] - Initialize TRACKING
2021-09-11 02:56:02,308 DEBUG [eye_pupil_tracker_od][1][KLT_TRACK] - Updating ... (797.037,434.850)
2021-09-11 02:56:02,316 DEBUG [eye_pupil_tracker_os][1][KLT_INITIALIZE] - Initialize TRACKING
2021-09-11 02:56:02,327 DEBUG [nose_tracker][1][KLT_TRACK] - Updating ... (946.467,636.115)
2021-09-11 02:56:02,338 DEBUG [nose_tracker_1][1][KLT_TRACK] - Updating ... (869.954,606.919)
2021-09-11 02:56:02,351 DEBUG [nose_tracker_2][1][KLT_TRACK] - Updating ... (946.454,636.121)
2021-09-11 02:56:02,362 DEBUG [nose_tracker_3][1][KLT_TRACK] - Updating ... (980.108,629.691)
2021-09-11 02:56:02,528 DEBUG [eye_corner_tracker_od][1][KLT_TRACK] - Updating ... (712.305,431.186)
2021-09-11 02:56:02,536 DEBUG [eye_corner_tracker_os][1][KLT_TRACK] - Updating ... (1068.783,448.750)
2021-09-11 02:56:02,543 DEBUG [eye_pupil_tracker_od][1][KLT_TRACK] - Updating ... (797.435,434.585)
2021-09-11 02:56:02,551 DEBUG [eye_pupil_tracker_os][1][KLT_TRACK] - Updating ... (1141.739,442.608)
2021-09-11 02:56:02,559 DEBUG [nose_tracker][1][KLT_TRACK] - Updating ... (946.969,635.664)
2021-09-11 02:56:02,565 DEBUG [nose_tracker_1][1][KLT_TRACK] - Updating ... (870.533,606.465)
2021-09-11 02:56:02,572 DEBUG [nose_tracker_2][1][KLT_TRACK] - Updating ... (947.010,635.658)
2021-09-11 02:56:02,583 DEBUG [nose_tracker_3][1][KLT_TRACK] - Updating ... (980.598,629.299)
2021-09-11 02:56:02,732 DEBUG [eye_corner_tracker_od][1][KLT_TRACK] - Updating ... (712.636,430.924)
2021-09-11 02:56:02,738 DEBUG [eye_corner_tracker_os][1][KLT_TRACK] - Updating ... (1069.558,448.765)
2021-09-11 02:56:02,745 DEBUG [eye_pupil_tracker_od][1][KLT_TRACK] - Updating ... (798.341,434.320)
2021-09-11 02:56:02,751 DEBUG [eye_pupil_tracker_os][1][KLT_TRACK] - Updating ... (1142.444,442.512)
2021-09-11 02:56:02,759 DEBUG [nose_tracker][1][KLT_TRACK] - Updating ... (947.872,635.279)
2021-09-11 02:56:02,766 DEBUG [nose_tracker_1][1][KLT_TRACK] - Updating ... (871.613,606.138)
2021-09-11 02:56:02,773 DEBUG [nose_tracker_2][1][KLT_TRACK] - Updating ... (947.951,635.270)
2021-09-11 02:56:02,780 DEBUG [nose_tracker_3][1][KLT_TRACK] - Updating ... (981.560,628.969)
2021-09-11 02:56:02,922 DEBUG [eye_corner_tracker_od][1][KLT_TRACK] - Updating ... (714.693,430.489)
2021-09-11 02:56:02,928 DEBUG [eye_corner_tracker_os][1][KLT_TRACK] - Updating ... (1070.568,448.788)
2021-09-11 02:56:02,935 DEBUG [eye_pupil_tracker_od][1][KLT_TRACK] - Updating ... (799.542,434.014)
2021-09-11 02:56:02,941 DEBUG [eye_pupil_tracker_os][1][KLT_TRACK] - Updating ... (1143.539,442.597)
2021-09-11 02:56:02,949 DEBUG [nose_tracker][1][KLT_TRACK] - Updating ... (948.735,635.089)
2021-09-11 02:56:02,960 DEBUG [nose_tracker_1][1][KLT_TRACK] - Updating ... (872.653,605.975)
2021-09-11 02:56:02,966 DEBUG [nose_tracker_2][1][KLT_TRACK] - Updating ... (948.765,635.059)
2021-09-11 02:56:02,973 DEBUG [nose_tracker_3][1][KLT_TRACK] - Updating ... (982.156,628.747)
2021-09-11 02:56:03,116 DEBUG [eye_corner_tracker_od][1][KLT_TRACK] - Updating ... (716.418,429.870)
2021-09-11 02:56:03,122 DEBUG [eye_corner_tracker_os][1][KLT_TRACK] - Updating ... (1071.871,448.868)
2021-09-11 02:56:03,129 DEBUG [eye_pupil_tracker_od][1][KLT_TRACK] - Updating ... (800.701,433.650)
2021-09-11 02:56:03,136 DEBUG [eye_pupil_tracker_os][1][KLT_TRACK] - Updating ... (1144.700,442.723)
2021-09-11 02:56:03,143 DEBUG [nose_tracker][1][KLT_TRACK] - Updating ... (949.857,634.825)
2021-09-11 02:56:03,150 DEBUG [nose_tracker_1][1][KLT_TRACK] - Updating ... (873.736,605.743)
2021-09-11 02:56:03,157 DEBUG [nose_tracker_2][1][KLT_TRACK] - Updating ... (949.894,634.743)
2021-09-11 02:56:03,164 DEBUG [nose_tracker_3][1][KLT_TRACK] - Updating ... (983.374,628.569)
2021-09-11 02:56:03,309 DEBUG [eye_corner_tracker_od][1][KLT_TRACK] - Updating ... (717.448,429.492)
2021-09-11 02:56:03,315 DEBUG [eye_corner_tracker_os][1][KLT_TRACK] - Updating ... (1073.176,448.741)
2021-09-11 02:56:03,322 DEBUG [eye_pupil_tracker_od][1][KLT_TRACK] - Updating ... (802.189,433.262)
2021-09-11 02:56:03,329 DEBUG [eye_pupil_tracker_os][1][KLT_TRACK] - Updating ... (1145.979,442.751)
2021-09-11 02:56:03,337 DEBUG [nose_tracker][1][KLT_TRACK] - Updating ... (951.045,634.286)
2021-09-11 02:56:03,347 DEBUG [nose_tracker_1][1][KLT_TRACK] - Updating ... (875.041,605.274)
2021-09-11 02:56:03,354 DEBUG [nose_tracker_2][1][KLT_TRACK] - Updating ... (951.228,634.235)
2021-09-11 02:56:03,361 DEBUG [nose_tracker_3][1][KLT_TRACK] - Updating ... (984.692,628.191)
2021-09-11 02:56:03,517 DEBUG [eye_corner_tracker_od][1][KLT_TRACK] - Updating ... (718.493,428.885)
2021-09-11 02:56:03,524 DEBUG [eye_corner_tracker_os][1][KLT_TRACK] - Updating ... (1074.159,448.748)
2021-09-11 02:56:03,531 DEBUG [eye_pupil_tracker_od][1][KLT_TRACK] - Updating ... (803.224,432.893)
2021-09-11 02:56:03,537 DEBUG [eye_pupil_tracker_os][1][KLT_TRACK] - Updating ... (1146.990,442.939)
2021-09-11 02:56:03,544 DEBUG [nose_tracker][1][KLT_TRACK] - Updating ... (951.837,633.963)
2021-09-11 02:56:03,551 DEBUG [nose_tracker_1][1][KLT_TRACK] - Updating ... (876.102,604.922)
2021-09-11 02:56:03,557 DEBUG [nose_tracker_2][1][KLT_TRACK] - Updating ... (951.985,633.931)
2021-09-11 02:56:03,565 DEBUG [nose_tracker_3][1][KLT_TRACK] - Updating ... (985.526,627.888)
2021-09-11 02:56:03,717 DEBUG [eye_corner_tracker_od][1][KLT_TRACK] - Updating ... (719.155,429.239)
2021-09-11 02:56:03,723 DEBUG [eye_corner_tracker_os][1][KLT_TRACK] - Updating ... (1074.613,448.984)
2021-09-11 02:56:03,730 DEBUG [eye_pupil_tracker_od][1][KLT_TRACK] - Updating ... (803.646,432.997)
2021-09-11 02:56:03,736 DEBUG [eye_pupil_tracker_os][1][KLT_TRACK] - Updating ... (1147.482,443.190)
2021-09-11 02:56:03,744 DEBUG [nose_tracker][1][KLT_TRACK] - Updating ... (952.316,634.170)
2021-09-11 02:56:03,750 DEBUG [nose_tracker_1][1][KLT_TRACK] - Updating ... (876.547,605.105)
2021-09-11 02:56:03,757 DEBUG [nose_tracker_2][1][KLT_TRACK] - Updating ... (952.498,634.083)
2021-09-11 02:56:03,765 DEBUG [nose_tracker_3][1][KLT_TRACK] - Updating ... (985.890,628.158)
2021-09-11 02:56:03,909 DEBUG [eye_corner_tracker_od][1][KLT_TRACK] - Updating ... (718.442,429.680)
2021-09-11 02:56:03,915 DEBUG [eye_corner_tracker_os][1][KLT_TRACK] - Updating ... (1074.320,449.407)
2021-09-11 02:56:03,921 DEBUG [eye_pupil_tracker_od][1][KLT_TRACK] - Updating ... (803.411,433.641)
2021-09-11 02:56:03,928 DEBUG [eye_pupil_tracker_os][1][KLT_TRACK] - Updating ... (1147.219,443.678)
2021-09-11 02:56:03,936 DEBUG [nose_tracker][1][KLT_TRACK] - Updating ... (951.825,634.748)
2021-09-11 02:56:03,942 DEBUG [nose_tracker_1][1][KLT_TRACK] - Updating ... (876.118,605.659)
2021-09-11 02:56:03,949 DEBUG [nose_tracker_2][1][KLT_TRACK] - Updating ... (952.022,634.690)
2021-09-11 02:56:03,957 DEBUG [nose_tracker_3][1][KLT_TRACK] - Updating ... (985.485,628.723)
2021-09-11 02:56:04,101 DEBUG [eye_corner_tracker_od][1][KLT_TRACK] - Updating ... (717.205,430.049)
2021-09-11 02:56:04,107 DEBUG [eye_corner_tracker_os][1][KLT_TRACK] - Updating ... (1073.045,449.736)
2021-09-11 02:56:04,114 DEBUG [eye_pupil_tracker_od][1][KLT_TRACK] - Updating ... (802.218,434.145)
2021-09-11 02:56:04,121 DEBUG [eye_pupil_tracker_os][1][KLT_TRACK] - Updating ... (1145.989,444.159)
2021-09-11 02:56:04,134 DEBUG [nose_tracker][1][KLT_TRACK] - Updating ... (950.316,635.360)
2021-09-11 02:56:04,141 DEBUG [nose_tracker_1][1][KLT_TRACK] - Updating ... (874.439,606.356)
2021-09-11 02:56:04,148 DEBUG [nose_tracker_2][1][KLT_TRACK] - Updating ... (950.424,635.281)
2021-09-11 02:56:04,156 DEBUG [nose_tracker_3][1][KLT_TRACK] - Updating ... (983.922,629.253)
2021-09-11 02:56:04,301 DEBUG [eye_corner_tracker_od][1][KLT_TRACK] - Updating ... (714.274,430.547)
2021-09-11 02:56:04,308 DEBUG [eye_corner_tracker_os][1][KLT_TRACK] - Updating ... (1071.019,450.239)
2021-09-11 02:56:04,315 DEBUG [eye_pupil_tracker_od][1][KLT_TRACK] - Updating ... (800.154,434.695)
2021-09-11 02:56:04,321 DEBUG [eye_pupil_tracker_os][1][KLT_TRACK] - Updating ... (1144.197,444.458)
2021-09-11 02:56:04,329 DEBUG [nose_tracker][1][KLT_TRACK] - Updating ... (948.064,636.022)
2021-09-11 02:56:04,335 DEBUG [nose_tracker_1][1][KLT_TRACK] - Updating ... (872.185,606.939)
2021-09-11 02:56:04,342 DEBUG [nose_tracker_2][1][KLT_TRACK] - Updating ... (948.117,635.929)
2021-09-11 02:56:04,349 DEBUG [nose_tracker_3][1][KLT_TRACK] - Updating ... (981.733,629.854)
2021-09-11 02:56:04,496 DEBUG [eye_corner_tracker_od][1][KLT_TRACK] - Updating ... (711.959,430.822)
2021-09-11 02:56:04,502 DEBUG [eye_corner_tracker_os][1][KLT_TRACK] - Updating ... (1069.044,450.595)
2021-09-11 02:56:04,509 DEBUG [eye_pupil_tracker_od][1][KLT_TRACK] - Updating ... (798.172,435.180)
2021-09-11 02:56:04,521 DEBUG [eye_pupil_tracker_os][1][KLT_TRACK] - Updating ... (1142.237,444.878)
2021-09-11 02:56:04,529 DEBUG [nose_tracker][1][KLT_TRACK] - Updating ... (945.703,636.832)
2021-09-11 02:56:04,535 DEBUG [nose_tracker_1][1][KLT_TRACK] - Updating ... (870.004,607.639)
2021-09-11 02:56:04,543 DEBUG [nose_tracker_2][1][KLT_TRACK] - Updating ... (945.842,636.799)
2021-09-11 02:56:04,550 DEBUG [nose_tracker_3][1][KLT_TRACK] - Updating ... (979.538,630.705)
